0 verbose cli /opt/homebrew/Cellar/node/23.10.0_1/bin/node /opt/homebrew/bin/npm
1 info using npm@10.9.2
2 info using node@v23.10.0
3 silly config load:file:/opt/homebrew/lib/node_modules/npm/npmrc
4 silly config load:file:/Users/zhongxuan/Desktop/aiops/bops/web/.npmrc
5 silly config load:file:/Users/zhongxuan/.npmrc
6 silly config load:file:/opt/homebrew/etc/npmrc
7 verbose title npm create vite@latest . --template vue-ts --force
8 verbose argv "create" "vite@latest" "." "--" "--template" "vue-ts" "--force"
9 verbose logfile logs-max:10 dir:/Users/zhongxuan/Desktop/aiops/bops/web/npm-cache/_logs/2026-01-16T08_38_26_968Z-
10 verbose logfile /Users/zhongxuan/Desktop/aiops/bops/web/npm-cache/_logs/2026-01-16T08_38_26_968Z-debug-0.log
11 silly logfile done cleaning log files
12 silly packumentCache heap:4345298944 maxSize:1086324736 maxEntrySize:543162368
13 http fetch GET 200 https://registry.npmmirror.com/create-vite 140ms (cache miss)
14 silly packumentCache heap:4345298944 maxSize:1086324736 maxEntrySize:543162368
15 warn exec The following package was not found and will be installed: create-vite@8.2.0
16 silly idealTree buildDeps
17 silly fetch manifest create-vite@8.2.0
18 silly packumentCache full:https://registry.npmmirror.com/create-vite cache-miss
19 http fetch GET 200 https://registry.npmmirror.com/create-vite 65ms (cache miss)
20 silly packumentCache full:https://registry.npmmirror.com/create-vite set size:55350 disposed:false
21 silly placeDep ROOT create-vite@8.2.0 OK for:  want: 8.2.0
22 silly reify moves {}
23 silly audit bulk request { 'create-vite': [ '8.2.0' ] }
24 http cache create-vite@https://registry.npmmirror.com/create-vite/-/create-vite-8.2.0.tgz 0ms (cache hit)
25 silly tarball no local data for create-vite@https://registry.npmmirror.com/create-vite/-/create-vite-8.2.0.tgz. Extracting by manifest.
26 http fetch GET 200 https://registry.npmmirror.com/npm 275ms
27 http fetch POST 404 https://registry.npmmirror.com/-/npm/v1/security/advisories/bulk 39ms
28 silly audit bulk request failed [object Object]
29 http fetch POST 404 https://registry.npmmirror.com/-/npm/v1/security/audits/quick 26ms
30 verbose audit error HttpErrorGeneral: 404 Not Found - POST https://registry.npmmirror.com/-/npm/v1/security/audits/quick - [NOT_IMPLEMENTED] /-/npm/v1/security/* not implemented yet
30 verbose audit error     at /opt/homebrew/lib/node_modules/npm/node_modules/npm-registry-fetch/lib/check-response.js:103:15
30 verbose audit error     at process.processTicksAndRejections (node:internal/process/task_queues:105:5)
30 verbose audit error     at async [getReport] (/opt/homebrew/lib/node_modules/npm/node_modules/@npmcli/arborist/lib/audit-report.js:336:21)
30 verbose audit error     at async AuditReport.run (/opt/homebrew/lib/node_modules/npm/node_modules/@npmcli/arborist/lib/audit-report.js:106:19) {
30 verbose audit error   headers: [Object: null prototype] {
30 verbose audit error     server: [ 'Tengine' ],
30 verbose audit error     date: [ 'Fri, 16 Jan 2026 08:38:28 GMT' ],
30 verbose audit error     'content-type': [ 'application/json' ],
30 verbose audit error     'transfer-encoding': [ 'chunked' ],
30 verbose audit error     connection: [ 'keep-alive' ],
30 verbose audit error     'strict-transport-security': [ 'max-age=5184000' ],
30 verbose audit error     via: [ 'kunlun10.cn9150[,404666]' ],
30 verbose audit error     'timing-allow-origin': [ '*' ],
30 verbose audit error     eagleid: [ '7437e68f17685527081281675e' ],
30 verbose audit error     'x-fetch-attempts': [ '1' ]
30 verbose audit error   },
30 verbose audit error   statusCode: 404,
30 verbose audit error   code: 'E404',
30 verbose audit error   method: 'POST',
30 verbose audit error   uri: 'https://registry.npmmirror.com/-/npm/v1/security/audits/quick',
30 verbose audit error   body: {
30 verbose audit error     error: '[NOT_IMPLEMENTED] /-/npm/v1/security/* not implemented yet'
30 verbose audit error   },
30 verbose audit error   pkgid: undefined
30 verbose audit error }
31 silly audit error [object Object]
32 silly audit report null
33 http fetch GET 200 https://cdn.npmmirror.com/packages/create-vite/8.2.0/create-vite-8.2.0.tgz 223ms (cache miss)
34 verbose cwd /Users/zhongxuan/Desktop/aiops/bops/web
35 verbose os Darwin 23.5.0
36 verbose node v23.10.0
37 verbose npm  v10.9.2
38 notice
38 notice New major version of npm available! 10.9.2 -> 11.7.0
38 notice Changelog: https://github.com/npm/cli/releases/tag/v11.7.0
38 notice To update run: npm install -g npm@11.7.0
38 notice  { force: true, [Symbol(proc-log.meta)]: true }
39 verbose exit 0
40 info ok
