0 verbose cli /opt/homebrew/Cellar/node/23.10.0_1/bin/node /opt/homebrew/bin/npm
1 info using npm@10.9.2
2 info using node@v23.10.0
3 silly config load:file:/opt/homebrew/lib/node_modules/npm/npmrc
4 silly config load:file:/Users/zhongxuan/Desktop/aiops/bops/web/.npmrc
5 silly config load:file:/Users/zhongxuan/.npmrc
6 silly config load:file:/opt/homebrew/etc/npmrc
7 verbose title npm create vite@latest . --template vue-ts --force --yes
8 verbose argv "create" "vite@latest" "." "--" "--template" "vue-ts" "--force" "--yes"
9 verbose logfile logs-max:10 dir:/Users/zhongxuan/Desktop/aiops/bops/web/npm-cache/_logs/2026-01-16T08_38_46_328Z-
10 verbose logfile /Users/zhongxuan/Desktop/aiops/bops/web/npm-cache/_logs/2026-01-16T08_38_46_328Z-debug-0.log
11 silly logfile done cleaning log files
12 silly packumentCache heap:4345298944 maxSize:1086324736 maxEntrySize:543162368
13 http fetch GET 200 https://registry.npmmirror.com/create-vite 113ms (cache revalidated)
14 silly packumentCache heap:4345298944 maxSize:1086324736 maxEntrySize:543162368
15 verbose cwd /Users/zhongxuan/Desktop/aiops/bops/web
16 verbose os Darwin 23.5.0
17 verbose node v23.10.0
18 verbose npm  v10.9.2
19 verbose exit 0
20 info ok
