0 verbose cli /opt/homebrew/Cellar/node/23.10.0_1/bin/node /opt/homebrew/bin/npm
1 info using npm@10.9.2
2 info using node@v23.10.0
3 silly config load:file:/opt/homebrew/lib/node_modules/npm/npmrc
4 silly config load:file:/Users/zhongxuan/Desktop/aiops/bops/web/.npmrc
5 silly config load:file:/Users/zhongxuan/.npmrc
6 silly config load:file:/opt/homebrew/etc/npmrc
7 verbose title npm install
8 verbose argv "install"
9 verbose logfile logs-max:10 dir:/Users/zhongxuan/Desktop/aiops/bops/web/npm-cache/_logs/2026-01-20T06_02_17_948Z-
10 verbose logfile /Users/zhongxuan/Desktop/aiops/bops/web/npm-cache/_logs/2026-01-20T06_02_17_948Z-debug-0.log
11 silly logfile done cleaning log files
12 silly packumentCache heap:4345298944 maxSize:1086324736 maxEntrySize:543162368
13 silly idealTree buildDeps
14 verbose shrinkwrap failed to load node_modules/.package-lock.json out of date, updated: node_modules
15 silly reify mark retired [ '/Users/zhongxuan/Desktop/aiops/bops/web/node_modules/vue-i18n' ]
16 silly reify mark retired [
16 silly reify   '/Users/zhongxuan/Desktop/aiops/bops/web/node_modules/@intlify/shared'
16 silly reify ]
17 silly reify mark retired [
17 silly reify   '/Users/zhongxuan/Desktop/aiops/bops/web/node_modules/@intlify/message-compiler'
17 silly reify ]
18 silly reify mark retired [
18 silly reify   '/Users/zhongxuan/Desktop/aiops/bops/web/node_modules/@intlify/core-base'
18 silly reify ]
19 silly reify moves {
19 silly reify   '/Users/zhongxuan/Desktop/aiops/bops/web/node_modules/vue-i18n': '/Users/zhongxuan/Desktop/aiops/bops/web/node_modules/.vue-i18n-ZuZQvv0E',
19 silly reify   '/Users/zhongxuan/Desktop/aiops/bops/web/node_modules/@intlify/shared': '/Users/zhongxuan/Desktop/aiops/bops/web/node_modules/@intlify/.shared-Kf5X8Fqs',
19 silly reify   '/Users/zhongxuan/Desktop/aiops/bops/web/node_modules/@intlify/message-compiler': '/Users/zhongxuan/Desktop/aiops/bops/web/node_modules/@intlify/.message-compiler-MrkMnWEv',
19 silly reify   '/Users/zhongxuan/Desktop/aiops/bops/web/node_modules/@intlify/core-base': '/Users/zhongxuan/Desktop/aiops/bops/web/node_modules/@intlify/.core-base-9375FiS5'
19 silly reify }
20 silly audit bulk request {
20 silly audit   '@babel/helper-string-parser': [ '7.27.1' ],
20 silly audit   '@babel/helper-validator-identifier': [ '7.28.5' ],
20 silly audit   '@babel/parser': [ '7.28.6' ],
20 silly audit   '@babel/types': [ '7.28.6' ],
20 silly audit   '@esbuild/aix-ppc64': [ '0.21.5' ],
20 silly audit   '@esbuild/android-arm': [ '0.21.5' ],
20 silly audit   '@esbuild/android-arm64': [ '0.21.5' ],
20 silly audit   '@esbuild/android-x64': [ '0.21.5' ],
20 silly audit   '@esbuild/darwin-arm64': [ '0.21.5' ],
20 silly audit   '@esbuild/darwin-x64': [ '0.21.5' ],
20 silly audit   '@esbuild/freebsd-arm64': [ '0.21.5' ],
20 silly audit   '@esbuild/freebsd-x64': [ '0.21.5' ],
20 silly audit   '@esbuild/linux-arm': [ '0.21.5' ],
20 silly audit   '@esbuild/linux-arm64': [ '0.21.5' ],
20 silly audit   '@esbuild/linux-ia32': [ '0.21.5' ],
20 silly audit   '@esbuild/linux-loong64': [ '0.21.5' ],
20 silly audit   '@esbuild/linux-mips64el': [ '0.21.5' ],
20 silly audit   '@esbuild/linux-ppc64': [ '0.21.5' ],
20 silly audit   '@esbuild/linux-riscv64': [ '0.21.5' ],
20 silly audit   '@esbuild/linux-s390x': [ '0.21.5' ],
20 silly audit   '@esbuild/linux-x64': [ '0.21.5' ],
20 silly audit   '@esbuild/netbsd-x64': [ '0.21.5' ],
20 silly audit   '@esbuild/openbsd-x64': [ '0.21.5' ],
20 silly audit   '@esbuild/sunos-x64': [ '0.21.5' ],
20 silly audit   '@esbuild/win32-arm64': [ '0.21.5' ],
20 silly audit   '@esbuild/win32-ia32': [ '0.21.5' ],
20 silly audit   '@esbuild/win32-x64': [ '0.21.5' ],
20 silly audit   '@jridgewell/sourcemap-codec': [ '1.5.5' ],
20 silly audit   '@rollup/rollup-android-arm-eabi': [ '4.55.1' ],
20 silly audit   '@rollup/rollup-android-arm64': [ '4.55.1' ],
20 silly audit   '@rollup/rollup-darwin-arm64': [ '4.55.1' ],
20 silly audit   '@rollup/rollup-darwin-x64': [ '4.55.1' ],
20 silly audit   '@rollup/rollup-freebsd-arm64': [ '4.55.1' ],
20 silly audit   '@rollup/rollup-freebsd-x64': [ '4.55.1' ],
20 silly audit   '@rollup/rollup-linux-arm-gnueabihf': [ '4.55.1' ],
20 silly audit   '@rollup/rollup-linux-arm-musleabihf': [ '4.55.1' ],
20 silly audit   '@rollup/rollup-linux-arm64-gnu': [ '4.55.1' ],
20 silly audit   '@rollup/rollup-linux-arm64-musl': [ '4.55.1' ],
20 silly audit   '@rollup/rollup-linux-loong64-gnu': [ '4.55.1' ],
20 silly audit   '@rollup/rollup-linux-loong64-musl': [ '4.55.1' ],
20 silly audit   '@rollup/rollup-linux-ppc64-gnu': [ '4.55.1' ],
20 silly audit   '@rollup/rollup-linux-ppc64-musl': [ '4.55.1' ],
20 silly audit   '@rollup/rollup-linux-riscv64-gnu': [ '4.55.1' ],
20 silly audit   '@rollup/rollup-linux-riscv64-musl': [ '4.55.1' ],
20 silly audit   '@rollup/rollup-linux-s390x-gnu': [ '4.55.1' ],
20 silly audit   '@rollup/rollup-linux-x64-gnu': [ '4.55.1' ],
20 silly audit   '@rollup/rollup-linux-x64-musl': [ '4.55.1' ],
20 silly audit   '@rollup/rollup-openbsd-x64': [ '4.55.1' ],
20 silly audit   '@rollup/rollup-openharmony-arm64': [ '4.55.1' ],
20 silly audit   '@rollup/rollup-win32-arm64-msvc': [ '4.55.1' ],
20 silly audit   '@rollup/rollup-win32-ia32-msvc': [ '4.55.1' ],
20 silly audit   '@rollup/rollup-win32-x64-gnu': [ '4.55.1' ],
20 silly audit   '@rollup/rollup-win32-x64-msvc': [ '4.55.1' ],
20 silly audit   '@types/estree': [ '1.0.8' ],
20 silly audit   '@vitejs/plugin-vue': [ '5.2.4' ],
20 silly audit   '@volar/language-core': [ '2.4.15' ],
20 silly audit   '@volar/source-map': [ '2.4.15' ],
20 silly audit   '@volar/typescript': [ '2.4.15' ],
20 silly audit   '@vue/compiler-core': [ '3.5.26' ],
20 silly audit   '@vue/compiler-dom': [ '3.5.26' ],
20 silly audit   '@vue/compiler-sfc': [ '3.5.26' ],
20 silly audit   '@vue/compiler-ssr': [ '3.5.26' ],
20 silly audit   '@vue/compiler-vue2': [ '2.7.16' ],
20 silly audit   '@vue/devtools-api': [ '6.6.4' ],
20 silly audit   '@vue/language-core': [ '2.2.12' ],
20 silly audit   '@vue/reactivity': [ '3.5.26' ],
20 silly audit   '@vue/runtime-core': [ '3.5.26' ],
20 silly audit   '@vue/runtime-dom': [ '3.5.26' ],
20 silly audit   '@vue/server-renderer': [ '3.5.26' ],
20 silly audit   '@vue/shared': [ '3.5.26' ],
20 silly audit   'alien-signals': [ '1.0.13' ],
20 silly audit   'balanced-match': [ '1.0.2' ],
20 silly audit   'brace-expansion': [ '2.0.2' ],
20 silly audit   csstype: [ '3.2.3' ],
20 silly audit   'de-indent': [ '1.0.2' ],
20 silly audit   entities: [ '7.0.0' ],
20 silly audit   esbuild: [ '0.21.5' ],
20 silly audit   'estree-walker': [ '2.0.2' ],
20 silly audit   fsevents: [ '2.3.3' ],
20 silly audit   he: [ '1.2.0' ],
20 silly audit   'magic-string': [ '0.30.21' ],
20 silly audit   minimatch: [ '9.0.5' ],
20 silly audit   'muggle-string': [ '0.4.1' ],
20 silly audit   nanoid: [ '3.3.11' ],
20 silly audit   'path-browserify': [ '1.0.1' ],
20 silly audit   picocolors: [ '1.1.1' ],
20 silly audit   postcss: [ '8.5.6' ],
20 silly audit   rollup: [ '4.55.1' ],
20 silly audit   'source-map-js': [ '1.2.1' ],
20 silly audit   typescript: [ '5.9.3' ],
20 silly audit   vite: [ '5.4.21' ],
20 silly audit   'vscode-uri': [ '3.1.0' ],
20 silly audit   vue: [ '3.5.26' ],
20 silly audit   'vue-router': [ '4.6.4' ],
20 silly audit   'vue-tsc': [ '2.2.12' ]
20 silly audit }
21 verbose reify failed optional dependency /Users/zhongxuan/Desktop/aiops/bops/web/node_modules/@rollup/rollup-win32-x64-msvc
22 silly reify mark deleted [
22 silly reify   '/Users/zhongxuan/Desktop/aiops/bops/web/node_modules/@rollup/rollup-win32-x64-msvc'
22 silly reify ]
23 verbose reify failed optional dependency /Users/zhongxuan/Desktop/aiops/bops/web/node_modules/@rollup/rollup-win32-x64-gnu
24 silly reify mark deleted [
24 silly reify   '/Users/zhongxuan/Desktop/aiops/bops/web/node_modules/@rollup/rollup-win32-x64-gnu'
24 silly reify ]
25 verbose reify failed optional dependency /Users/zhongxuan/Desktop/aiops/bops/web/node_modules/@rollup/rollup-win32-ia32-msvc
26 silly reify mark deleted [
26 silly reify   '/Users/zhongxuan/Desktop/aiops/bops/web/node_modules/@rollup/rollup-win32-ia32-msvc'
26 silly reify ]
27 verbose reify failed optional dependency /Users/zhongxuan/Desktop/aiops/bops/web/node_modules/@rollup/rollup-win32-arm64-msvc
28 silly reify mark deleted [
28 silly reify   '/Users/zhongxuan/Desktop/aiops/bops/web/node_modules/@rollup/rollup-win32-arm64-msvc'
28 silly reify ]
29 verbose reify failed optional dependency /Users/zhongxuan/Desktop/aiops/bops/web/node_modules/@rollup/rollup-openharmony-arm64
30 silly reify mark deleted [
30 silly reify   '/Users/zhongxuan/Desktop/aiops/bops/web/node_modules/@rollup/rollup-openharmony-arm64'
30 silly reify ]
31 verbose reify failed optional dependency /Users/zhongxuan/Desktop/aiops/bops/web/node_modules/@rollup/rollup-openbsd-x64
32 silly reify mark deleted [
32 silly reify   '/Users/zhongxuan/Desktop/aiops/bops/web/node_modules/@rollup/rollup-openbsd-x64'
32 silly reify ]
33 verbose reify failed optional dependency /Users/zhongxuan/Desktop/aiops/bops/web/node_modules/@rollup/rollup-linux-x64-musl
34 silly reify mark deleted [
34 silly reify   '/Users/zhongxuan/Desktop/aiops/bops/web/node_modules/@rollup/rollup-linux-x64-musl'
34 silly reify ]
35 verbose reify failed optional dependency /Users/zhongxuan/Desktop/aiops/bops/web/node_modules/@rollup/rollup-linux-x64-gnu
36 silly reify mark deleted [
36 silly reify   '/Users/zhongxuan/Desktop/aiops/bops/web/node_modules/@rollup/rollup-linux-x64-gnu'
36 silly reify ]
37 verbose reify failed optional dependency /Users/zhongxuan/Desktop/aiops/bops/web/node_modules/@rollup/rollup-linux-s390x-gnu
38 silly reify mark deleted [
38 silly reify   '/Users/zhongxuan/Desktop/aiops/bops/web/node_modules/@rollup/rollup-linux-s390x-gnu'
38 silly reify ]
39 verbose reify failed optional dependency /Users/zhongxuan/Desktop/aiops/bops/web/node_modules/@rollup/rollup-linux-riscv64-musl
40 silly reify mark deleted [
40 silly reify   '/Users/zhongxuan/Desktop/aiops/bops/web/node_modules/@rollup/rollup-linux-riscv64-musl'
40 silly reify ]
41 verbose reify failed optional dependency /Users/zhongxuan/Desktop/aiops/bops/web/node_modules/@rollup/rollup-linux-riscv64-gnu
42 silly reify mark deleted [
42 silly reify   '/Users/zhongxuan/Desktop/aiops/bops/web/node_modules/@rollup/rollup-linux-riscv64-gnu'
42 silly reify ]
43 verbose reify failed optional dependency /Users/zhongxuan/Desktop/aiops/bops/web/node_modules/@rollup/rollup-linux-ppc64-musl
44 silly reify mark deleted [
44 silly reify   '/Users/zhongxuan/Desktop/aiops/bops/web/node_modules/@rollup/rollup-linux-ppc64-musl'
44 silly reify ]
45 verbose reify failed optional dependency /Users/zhongxuan/Desktop/aiops/bops/web/node_modules/@rollup/rollup-linux-ppc64-gnu
46 silly reify mark deleted [
46 silly reify   '/Users/zhongxuan/Desktop/aiops/bops/web/node_modules/@rollup/rollup-linux-ppc64-gnu'
46 silly reify ]
47 verbose reify failed optional dependency /Users/zhongxuan/Desktop/aiops/bops/web/node_modules/@rollup/rollup-linux-loong64-musl
48 silly reify mark deleted [
48 silly reify   '/Users/zhongxuan/Desktop/aiops/bops/web/node_modules/@rollup/rollup-linux-loong64-musl'
48 silly reify ]
49 verbose reify failed optional dependency /Users/zhongxuan/Desktop/aiops/bops/web/node_modules/@rollup/rollup-linux-loong64-gnu
50 silly reify mark deleted [
50 silly reify   '/Users/zhongxuan/Desktop/aiops/bops/web/node_modules/@rollup/rollup-linux-loong64-gnu'
50 silly reify ]
51 verbose reify failed optional dependency /Users/zhongxuan/Desktop/aiops/bops/web/node_modules/@rollup/rollup-linux-arm64-musl
52 silly reify mark deleted [
52 silly reify   '/Users/zhongxuan/Desktop/aiops/bops/web/node_modules/@rollup/rollup-linux-arm64-musl'
52 silly reify ]
53 verbose reify failed optional dependency /Users/zhongxuan/Desktop/aiops/bops/web/node_modules/@rollup/rollup-linux-arm64-gnu
54 silly reify mark deleted [
54 silly reify   '/Users/zhongxuan/Desktop/aiops/bops/web/node_modules/@rollup/rollup-linux-arm64-gnu'
54 silly reify ]
55 verbose reify failed optional dependency /Users/zhongxuan/Desktop/aiops/bops/web/node_modules/@rollup/rollup-linux-arm-musleabihf
56 silly reify mark deleted [
56 silly reify   '/Users/zhongxuan/Desktop/aiops/bops/web/node_modules/@rollup/rollup-linux-arm-musleabihf'
56 silly reify ]
57 verbose reify failed optional dependency /Users/zhongxuan/Desktop/aiops/bops/web/node_modules/@rollup/rollup-linux-arm-gnueabihf
58 silly reify mark deleted [
58 silly reify   '/Users/zhongxuan/Desktop/aiops/bops/web/node_modules/@rollup/rollup-linux-arm-gnueabihf'
58 silly reify ]
59 verbose reify failed optional dependency /Users/zhongxuan/Desktop/aiops/bops/web/node_modules/@rollup/rollup-freebsd-x64
60 silly reify mark deleted [
60 silly reify   '/Users/zhongxuan/Desktop/aiops/bops/web/node_modules/@rollup/rollup-freebsd-x64'
60 silly reify ]
61 verbose reify failed optional dependency /Users/zhongxuan/Desktop/aiops/bops/web/node_modules/@rollup/rollup-freebsd-arm64
62 silly reify mark deleted [
62 silly reify   '/Users/zhongxuan/Desktop/aiops/bops/web/node_modules/@rollup/rollup-freebsd-arm64'
62 silly reify ]
63 verbose reify failed optional dependency /Users/zhongxuan/Desktop/aiops/bops/web/node_modules/@rollup/rollup-darwin-x64
64 silly reify mark deleted [
64 silly reify   '/Users/zhongxuan/Desktop/aiops/bops/web/node_modules/@rollup/rollup-darwin-x64'
64 silly reify ]
65 verbose reify failed optional dependency /Users/zhongxuan/Desktop/aiops/bops/web/node_modules/@rollup/rollup-android-arm64
66 silly reify mark deleted [
66 silly reify   '/Users/zhongxuan/Desktop/aiops/bops/web/node_modules/@rollup/rollup-android-arm64'
66 silly reify ]
67 verbose reify failed optional dependency /Users/zhongxuan/Desktop/aiops/bops/web/node_modules/@rollup/rollup-android-arm-eabi
68 silly reify mark deleted [
68 silly reify   '/Users/zhongxuan/Desktop/aiops/bops/web/node_modules/@rollup/rollup-android-arm-eabi'
68 silly reify ]
69 verbose reify failed optional dependency /Users/zhongxuan/Desktop/aiops/bops/web/node_modules/@esbuild/win32-x64
70 silly reify mark deleted [
70 silly reify   '/Users/zhongxuan/Desktop/aiops/bops/web/node_modules/@esbuild/win32-x64'
70 silly reify ]
71 verbose reify failed optional dependency /Users/zhongxuan/Desktop/aiops/bops/web/node_modules/@esbuild/win32-ia32
72 silly reify mark deleted [
72 silly reify   '/Users/zhongxuan/Desktop/aiops/bops/web/node_modules/@esbuild/win32-ia32'
72 silly reify ]
73 verbose reify failed optional dependency /Users/zhongxuan/Desktop/aiops/bops/web/node_modules/@esbuild/win32-arm64
74 silly reify mark deleted [
74 silly reify   '/Users/zhongxuan/Desktop/aiops/bops/web/node_modules/@esbuild/win32-arm64'
74 silly reify ]
75 verbose reify failed optional dependency /Users/zhongxuan/Desktop/aiops/bops/web/node_modules/@esbuild/sunos-x64
76 silly reify mark deleted [
76 silly reify   '/Users/zhongxuan/Desktop/aiops/bops/web/node_modules/@esbuild/sunos-x64'
76 silly reify ]
77 verbose reify failed optional dependency /Users/zhongxuan/Desktop/aiops/bops/web/node_modules/@esbuild/openbsd-x64
78 silly reify mark deleted [
78 silly reify   '/Users/zhongxuan/Desktop/aiops/bops/web/node_modules/@esbuild/openbsd-x64'
78 silly reify ]
79 verbose reify failed optional dependency /Users/zhongxuan/Desktop/aiops/bops/web/node_modules/@esbuild/netbsd-x64
80 silly reify mark deleted [
80 silly reify   '/Users/zhongxuan/Desktop/aiops/bops/web/node_modules/@esbuild/netbsd-x64'
80 silly reify ]
81 verbose reify failed optional dependency /Users/zhongxuan/Desktop/aiops/bops/web/node_modules/@esbuild/linux-x64
82 silly reify mark deleted [
82 silly reify   '/Users/zhongxuan/Desktop/aiops/bops/web/node_modules/@esbuild/linux-x64'
82 silly reify ]
83 verbose reify failed optional dependency /Users/zhongxuan/Desktop/aiops/bops/web/node_modules/@esbuild/linux-s390x
84 silly reify mark deleted [
84 silly reify   '/Users/zhongxuan/Desktop/aiops/bops/web/node_modules/@esbuild/linux-s390x'
84 silly reify ]
85 verbose reify failed optional dependency /Users/zhongxuan/Desktop/aiops/bops/web/node_modules/@esbuild/linux-riscv64
86 silly reify mark deleted [
86 silly reify   '/Users/zhongxuan/Desktop/aiops/bops/web/node_modules/@esbuild/linux-riscv64'
86 silly reify ]
87 verbose reify failed optional dependency /Users/zhongxuan/Desktop/aiops/bops/web/node_modules/@esbuild/linux-ppc64
88 silly reify mark deleted [
88 silly reify   '/Users/zhongxuan/Desktop/aiops/bops/web/node_modules/@esbuild/linux-ppc64'
88 silly reify ]
89 verbose reify failed optional dependency /Users/zhongxuan/Desktop/aiops/bops/web/node_modules/@esbuild/linux-mips64el
90 silly reify mark deleted [
90 silly reify   '/Users/zhongxuan/Desktop/aiops/bops/web/node_modules/@esbuild/linux-mips64el'
90 silly reify ]
91 verbose reify failed optional dependency /Users/zhongxuan/Desktop/aiops/bops/web/node_modules/@esbuild/linux-loong64
92 silly reify mark deleted [
92 silly reify   '/Users/zhongxuan/Desktop/aiops/bops/web/node_modules/@esbuild/linux-loong64'
92 silly reify ]
93 verbose reify failed optional dependency /Users/zhongxuan/Desktop/aiops/bops/web/node_modules/@esbuild/linux-ia32
94 silly reify mark deleted [
94 silly reify   '/Users/zhongxuan/Desktop/aiops/bops/web/node_modules/@esbuild/linux-ia32'
94 silly reify ]
95 verbose reify failed optional dependency /Users/zhongxuan/Desktop/aiops/bops/web/node_modules/@esbuild/linux-arm64
96 silly reify mark deleted [
96 silly reify   '/Users/zhongxuan/Desktop/aiops/bops/web/node_modules/@esbuild/linux-arm64'
96 silly reify ]
97 verbose reify failed optional dependency /Users/zhongxuan/Desktop/aiops/bops/web/node_modules/@esbuild/linux-arm
98 silly reify mark deleted [
98 silly reify   '/Users/zhongxuan/Desktop/aiops/bops/web/node_modules/@esbuild/linux-arm'
98 silly reify ]
99 verbose reify failed optional dependency /Users/zhongxuan/Desktop/aiops/bops/web/node_modules/@esbuild/freebsd-x64
100 silly reify mark deleted [
100 silly reify   '/Users/zhongxuan/Desktop/aiops/bops/web/node_modules/@esbuild/freebsd-x64'
100 silly reify ]
101 verbose reify failed optional dependency /Users/zhongxuan/Desktop/aiops/bops/web/node_modules/@esbuild/freebsd-arm64
102 silly reify mark deleted [
102 silly reify   '/Users/zhongxuan/Desktop/aiops/bops/web/node_modules/@esbuild/freebsd-arm64'
102 silly reify ]
103 verbose reify failed optional dependency /Users/zhongxuan/Desktop/aiops/bops/web/node_modules/@esbuild/darwin-x64
104 silly reify mark deleted [
104 silly reify   '/Users/zhongxuan/Desktop/aiops/bops/web/node_modules/@esbuild/darwin-x64'
104 silly reify ]
105 verbose reify failed optional dependency /Users/zhongxuan/Desktop/aiops/bops/web/node_modules/@esbuild/android-x64
106 silly reify mark deleted [
106 silly reify   '/Users/zhongxuan/Desktop/aiops/bops/web/node_modules/@esbuild/android-x64'
106 silly reify ]
107 verbose reify failed optional dependency /Users/zhongxuan/Desktop/aiops/bops/web/node_modules/@esbuild/android-arm64
108 silly reify mark deleted [
108 silly reify   '/Users/zhongxuan/Desktop/aiops/bops/web/node_modules/@esbuild/android-arm64'
108 silly reify ]
109 verbose reify failed optional dependency /Users/zhongxuan/Desktop/aiops/bops/web/node_modules/@esbuild/android-arm
110 silly reify mark deleted [
110 silly reify   '/Users/zhongxuan/Desktop/aiops/bops/web/node_modules/@esbuild/android-arm'
110 silly reify ]
111 verbose reify failed optional dependency /Users/zhongxuan/Desktop/aiops/bops/web/node_modules/@esbuild/aix-ppc64
112 silly reify mark deleted [
112 silly reify   '/Users/zhongxuan/Desktop/aiops/bops/web/node_modules/@esbuild/aix-ppc64'
112 silly reify ]
113 silly audit bulk request failed undefined
114 verbose audit error FetchError: request to https://registry.npmmirror.com/-/npm/v1/security/audits/quick failed, reason: getaddrinfo ENOTFOUND registry.npmmirror.com
114 verbose audit error     at ClientRequest.<anonymous> (/opt/homebrew/lib/node_modules/npm/node_modules/minipass-fetch/lib/index.js:130:14)
114 verbose audit error     at ClientRequest.emit (node:events:507:28)
114 verbose audit error     at emitErrorEvent (node:_http_client:104:11)
114 verbose audit error     at _destroy (node:_http_client:898:9)
114 verbose audit error     at onSocketNT (node:_http_client:918:5)
114 verbose audit error     at process.processTicksAndRejections (node:internal/process/task_queues:91:21) {
114 verbose audit error   code: 'ENOTFOUND',
114 verbose audit error   errno: 'ENOTFOUND',
114 verbose audit error   syscall: 'getaddrinfo',
114 verbose audit error   hostname: 'registry.npmmirror.com',
114 verbose audit error   type: 'system'
114 verbose audit error }
115 silly audit error undefined
116 silly audit report null
117 http cache fsevents@https://registry.npmmirror.com/fsevents/-/fsevents-2.3.3.tgz 0ms (cache hit)
118 silly ADD node_modules/fsevents
119 silly ADD
120 silly ADD
121 silly ADD
122 silly ADD
123 silly ADD
124 silly ADD
125 silly ADD
126 silly ADD
127 silly ADD
128 silly ADD
129 silly ADD
130 silly ADD
131 silly ADD
132 silly ADD
133 silly ADD
134 silly ADD
135 silly ADD
136 silly ADD
137 silly ADD
138 silly ADD
139 silly ADD
140 silly ADD
141 silly ADD
142 silly ADD
143 silly ADD
144 silly ADD
145 silly ADD
146 silly ADD
147 silly ADD
148 silly ADD
149 silly ADD
150 silly ADD
151 silly ADD
152 silly ADD
153 silly ADD
154 silly ADD
155 silly ADD
156 silly ADD
157 silly ADD
158 silly ADD
159 silly ADD
160 silly ADD
161 silly ADD
162 silly ADD
163 silly ADD
164 silly ADD
165 silly REMOVE node_modules/@intlify/core-base
166 silly REMOVE node_modules/@intlify/message-compiler
167 silly REMOVE node_modules/@intlify/shared
168 silly REMOVE node_modules/vue-i18n
169 verbose cwd /Users/zhongxuan/Desktop/aiops/bops/web
170 verbose os Darwin 23.5.0
171 verbose node v23.10.0
172 verbose npm  v10.9.2
173 verbose exit 0
174 info ok
