0 verbose cli /opt/homebrew/Cellar/node/23.10.0_1/bin/node /opt/homebrew/bin/npm
1 info using npm@10.9.2
2 info using node@v23.10.0
3 silly config load:file:/opt/homebrew/lib/node_modules/npm/npmrc
4 silly config load:file:/Users/zhongxuan/.npmrc
5 silly config load:file:/opt/homebrew/etc/npmrc
6 verbose title npm install @fission-ai/openspec@latest
7 verbose argv "install" "--global" "@fission-ai/openspec@latest"
8 verbose logfile logs-max:10 dir:/Users/zhongxuan/Desktop/aiops/bops/scripts/npm-cache/_logs/2026-02-09T02_23_00_193Z-
9 verbose logfile /Users/zhongxuan/Desktop/aiops/bops/scripts/npm-cache/_logs/2026-02-09T02_23_00_193Z-debug-0.log
10 silly packumentCache heap:4345298944 maxSize:1086324736 maxEntrySize:543162368
11 silly logfile done cleaning log files
12 silly packumentCache corgi:https://registry.npmmirror.com/@fission-ai%2fopenspec cache-miss
13 http fetch GET 200 https://registry.npmmirror.com/@fission-ai%2fopenspec 246ms (cache miss)
14 silly packumentCache corgi:https://registry.npmmirror.com/@fission-ai%2fopenspec set size:8790 disposed:false
15 silly idealTree buildDeps
16 silly fetch manifest @fission-ai/openspec@1.1.1
17 silly packumentCache full:https://registry.npmmirror.com/@fission-ai%2fopenspec cache-miss
18 http fetch GET 200 https://registry.npmmirror.com/npm 330ms
19 http fetch GET 200 https://registry.npmmirror.com/@fission-ai%2fopenspec 70ms (cache miss)
20 silly packumentCache full:https://registry.npmmirror.com/@fission-ai%2fopenspec set size:17933 disposed:false
21 silly placeDep ROOT @fission-ai/openspec@1.1.1 OK for:  want: 1.1.1
22 silly fetch manifest @inquirer/core@^10.2.2
23 silly packumentCache full:https://registry.npmmirror.com/@inquirer%2fcore cache-miss
24 silly fetch manifest @inquirer/prompts@^7.8.0
25 silly packumentCache full:https://registry.npmmirror.com/@inquirer%2fprompts cache-miss
26 silly fetch manifest chalk@^5.5.0
27 silly packumentCache full:https://registry.npmmirror.com/chalk cache-miss
28 silly fetch manifest commander@^14.0.0
29 silly packumentCache full:https://registry.npmmirror.com/commander cache-miss
30 silly fetch manifest fast-glob@^3.3.3
31 silly packumentCache full:https://registry.npmmirror.com/fast-glob cache-miss
32 silly fetch manifest ora@^8.2.0
33 silly packumentCache full:https://registry.npmmirror.com/ora cache-miss
34 silly fetch manifest posthog-node@^5.20.0
35 silly packumentCache full:https://registry.npmmirror.com/posthog-node cache-miss
36 http fetch GET 200 https://registry.npmmirror.com/@inquirer%2fcore 68ms (cache miss)
37 silly packumentCache full:https://registry.npmmirror.com/@inquirer%2fcore set size:58546 disposed:false
38 silly fetch manifest yaml@^2.8.2
39 silly packumentCache full:https://registry.npmmirror.com/yaml cache-miss
40 http fetch GET 200 https://registry.npmmirror.com/@inquirer%2fprompts 91ms (cache miss)
41 silly packumentCache full:https://registry.npmmirror.com/@inquirer%2fprompts set size:52585 disposed:false
42 silly fetch manifest zod@^4.0.17
43 silly packumentCache full:https://registry.npmmirror.com/zod cache-miss
44 http fetch GET 200 https://registry.npmmirror.com/chalk 129ms (cache miss)
45 silly packumentCache full:https://registry.npmmirror.com/chalk set size:24910 disposed:false
46 http fetch GET 200 https://registry.npmmirror.com/fast-glob 131ms (cache miss)
47 silly packumentCache full:https://registry.npmmirror.com/fast-glob set size:33565 disposed:false
48 http fetch GET 200 https://registry.npmmirror.com/yaml 73ms (cache miss)
49 silly packumentCache full:https://registry.npmmirror.com/yaml set size:53125 disposed:false
50 http fetch GET 200 https://registry.npmmirror.com/ora 150ms (cache miss)
51 silly packumentCache full:https://registry.npmmirror.com/ora set size:26463 disposed:false
52 http fetch GET 200 https://registry.npmmirror.com/commander 182ms (cache miss)
53 silly packumentCache full:https://registry.npmmirror.com/commander set size:61702 disposed:false
54 http fetch GET 200 https://registry.npmmirror.com/posthog-node 187ms (cache miss)
55 silly packumentCache full:https://registry.npmmirror.com/posthog-node set size:85050 disposed:false
56 http fetch GET 200 https://registry.npmmirror.com/zod 197ms (cache miss)
57 silly packumentCache full:https://registry.npmmirror.com/zod set size:424625 disposed:false
58 silly fetch manifest @types/node@>=18
59 silly packumentCache full:https://registry.npmmirror.com/@types%2fnode cache-miss
60 http fetch GET 200 https://registry.npmmirror.com/@types%2fnode 371ms (cache miss)
61 silly packumentCache full:https://registry.npmmirror.com/@types%2fnode set size:1135350 disposed:false
62 silly placeDep node_modules/@fission-ai/openspec @inquirer/core@10.3.2 OK for: @fission-ai/openspec@1.1.1 want: ^10.2.2
63 silly placeDep node_modules/@fission-ai/openspec @inquirer/prompts@7.10.1 OK for: @fission-ai/openspec@1.1.1 want: ^7.8.0
64 silly placeDep node_modules/@fission-ai/openspec chalk@5.6.2 OK for: @fission-ai/openspec@1.1.1 want: ^5.5.0
65 silly placeDep node_modules/@fission-ai/openspec commander@14.0.3 OK for: @fission-ai/openspec@1.1.1 want: ^14.0.0
66 silly placeDep node_modules/@fission-ai/openspec fast-glob@3.3.3 OK for: @fission-ai/openspec@1.1.1 want: ^3.3.3
67 silly placeDep node_modules/@fission-ai/openspec ora@8.2.0 OK for: @fission-ai/openspec@1.1.1 want: ^8.2.0
68 silly placeDep node_modules/@fission-ai/openspec posthog-node@5.24.11 OK for: @fission-ai/openspec@1.1.1 want: ^5.20.0
69 silly placeDep node_modules/@fission-ai/openspec yaml@2.8.2 OK for: @fission-ai/openspec@1.1.1 want: ^2.8.2
70 silly placeDep node_modules/@fission-ai/openspec zod@4.3.6 OK for: @fission-ai/openspec@1.1.1 want: ^4.0.17
71 silly fetch manifest @inquirer/ansi@^1.0.2
72 silly packumentCache full:https://registry.npmmirror.com/@inquirer%2fansi cache-miss
73 silly fetch manifest @inquirer/figures@^1.0.15
74 silly packumentCache full:https://registry.npmmirror.com/@inquirer%2ffigures cache-miss
75 silly fetch manifest @inquirer/type@^3.0.10
76 silly packumentCache full:https://registry.npmmirror.com/@inquirer%2ftype cache-miss
77 silly fetch manifest cli-width@^4.1.0
78 silly packumentCache full:https://registry.npmmirror.com/cli-width cache-miss
79 silly fetch manifest mute-stream@^2.0.0
80 silly packumentCache full:https://registry.npmmirror.com/mute-stream cache-miss
81 silly fetch manifest signal-exit@^4.1.0
82 silly packumentCache full:https://registry.npmmirror.com/signal-exit cache-miss
83 silly fetch manifest wrap-ansi@^6.2.0
84 silly packumentCache full:https://registry.npmmirror.com/wrap-ansi cache-miss
85 http fetch GET 200 https://registry.npmmirror.com/@inquirer%2fansi 29ms (cache miss)
86 silly packumentCache full:https://registry.npmmirror.com/@inquirer%2fansi set size:4775 disposed:false
87 silly fetch manifest yoctocolors-cjs@^2.1.3
88 silly packumentCache full:https://registry.npmmirror.com/yoctocolors-cjs cache-miss
89 http fetch GET 200 https://registry.npmmirror.com/signal-exit 35ms (cache miss)
90 silly packumentCache full:https://registry.npmmirror.com/signal-exit set size:12845 disposed:false
91 silly fetch manifest @inquirer/checkbox@^4.3.2
92 silly packumentCache full:https://registry.npmmirror.com/@inquirer%2fcheckbox cache-miss
93 http fetch GET 200 https://registry.npmmirror.com/@inquirer%2ffigures 51ms (cache miss)
94 silly packumentCache full:https://registry.npmmirror.com/@inquirer%2ffigures set size:8929 disposed:false
95 silly fetch manifest @inquirer/confirm@^5.1.21
96 silly packumentCache full:https://registry.npmmirror.com/@inquirer%2fconfirm cache-miss
97 http fetch GET 200 https://registry.npmmirror.com/mute-stream 53ms (cache miss)
98 silly packumentCache full:https://registry.npmmirror.com/mute-stream set size:6456 disposed:false
99 silly fetch manifest @inquirer/editor@^4.2.23
100 silly packumentCache full:https://registry.npmmirror.com/@inquirer%2feditor cache-miss
101 http fetch GET 200 https://registry.npmmirror.com/cli-width 57ms (cache miss)
102 silly packumentCache full:https://registry.npmmirror.com/cli-width set size:6059 disposed:false
103 silly fetch manifest @inquirer/expand@^4.0.23
104 silly packumentCache full:https://registry.npmmirror.com/@inquirer%2fexpand cache-miss
105 http fetch GET 200 https://registry.npmmirror.com/@inquirer%2ftype 61ms (cache miss)
106 silly packumentCache full:https://registry.npmmirror.com/@inquirer%2ftype set size:21228 disposed:false
107 silly fetch manifest @inquirer/input@^4.3.1
108 silly packumentCache full:https://registry.npmmirror.com/@inquirer%2finput cache-miss
109 http fetch GET 200 https://registry.npmmirror.com/@inquirer%2fcheckbox 64ms (cache miss)
110 silly packumentCache full:https://registry.npmmirror.com/@inquirer%2fcheckbox set size:64667 disposed:false
111 silly fetch manifest @inquirer/number@^3.0.23
112 silly packumentCache full:https://registry.npmmirror.com/@inquirer%2fnumber cache-miss
113 http fetch GET 200 https://registry.npmmirror.com/@inquirer%2feditor 66ms (cache miss)
114 silly packumentCache full:https://registry.npmmirror.com/@inquirer%2feditor set size:57766 disposed:false
115 silly fetch manifest @inquirer/password@^4.0.23
116 silly packumentCache full:https://registry.npmmirror.com/@inquirer%2fpassword cache-miss
117 http fetch GET 200 https://registry.npmmirror.com/yoctocolors-cjs 94ms (cache miss)
118 silly packumentCache full:https://registry.npmmirror.com/yoctocolors-cjs set size:3925 disposed:false
119 silly fetch manifest @inquirer/rawlist@^4.1.11
120 silly packumentCache full:https://registry.npmmirror.com/@inquirer%2frawlist cache-miss
121 http fetch GET 200 https://registry.npmmirror.com/@inquirer%2fexpand 80ms (cache miss)
122 silly packumentCache full:https://registry.npmmirror.com/@inquirer%2fexpand set size:59274 disposed:false
123 silly fetch manifest @inquirer/search@^3.2.2
124 silly packumentCache full:https://registry.npmmirror.com/@inquirer%2fsearch cache-miss
125 http fetch GET 200 https://registry.npmmirror.com/@inquirer%2finput 94ms (cache miss)
126 silly packumentCache full:https://registry.npmmirror.com/@inquirer%2finput set size:51977 disposed:false
127 silly fetch manifest @inquirer/select@^4.4.2
128 silly packumentCache full:https://registry.npmmirror.com/@inquirer%2fselect cache-miss
129 http fetch GET 200 https://registry.npmmirror.com/@inquirer%2fnumber 71ms (cache miss)
130 silly packumentCache full:https://registry.npmmirror.com/@inquirer%2fnumber set size:19998 disposed:false
131 silly fetch manifest @nodelib/fs.stat@^2.0.2
132 silly packumentCache full:https://registry.npmmirror.com/@nodelib%2ffs.stat cache-miss
133 http fetch GET 200 https://registry.npmmirror.com/wrap-ansi 174ms (cache miss)
134 silly packumentCache full:https://registry.npmmirror.com/wrap-ansi set size:9927 disposed:false
135 silly fetch manifest @nodelib/fs.walk@^1.2.3
136 silly packumentCache full:https://registry.npmmirror.com/@nodelib%2ffs.walk cache-miss
137 http fetch GET 200 https://registry.npmmirror.com/@inquirer%2fpassword 65ms (cache miss)
138 silly packumentCache full:https://registry.npmmirror.com/@inquirer%2fpassword set size:51581 disposed:false
139 silly fetch manifest glob-parent@^5.1.2
140 silly packumentCache full:https://registry.npmmirror.com/glob-parent cache-miss
141 http fetch GET 200 https://registry.npmmirror.com/@inquirer%2fconfirm 147ms (cache miss)
142 silly packumentCache full:https://registry.npmmirror.com/@inquirer%2fconfirm set size:59039 disposed:false
143 silly fetch manifest merge2@^1.3.0
144 silly packumentCache full:https://registry.npmmirror.com/merge2 cache-miss
145 http fetch GET 200 https://registry.npmmirror.com/@inquirer%2fsearch 61ms (cache miss)
146 silly packumentCache full:https://registry.npmmirror.com/@inquirer%2fsearch set size:20618 disposed:false
147 silly fetch manifest micromatch@^4.0.8
148 silly packumentCache full:https://registry.npmmirror.com/micromatch cache-miss
149 http fetch GET 200 https://registry.npmmirror.com/@nodelib%2ffs.stat 31ms (cache miss)
150 silly packumentCache full:https://registry.npmmirror.com/@nodelib%2ffs.stat set size:6493 disposed:false
151 silly fetch manifest cli-cursor@^5.0.0
152 silly packumentCache full:https://registry.npmmirror.com/cli-cursor cache-miss
153 http fetch GET 200 https://registry.npmmirror.com/glob-parent 25ms (cache miss)
154 silly packumentCache full:https://registry.npmmirror.com/glob-parent set size:7508 disposed:false
155 silly fetch manifest cli-spinners@^2.9.2
156 silly packumentCache full:https://registry.npmmirror.com/cli-spinners cache-miss
157 http fetch GET 200 https://registry.npmmirror.com/merge2 29ms (cache miss)
158 silly packumentCache full:https://registry.npmmirror.com/merge2 set size:8713 disposed:false
159 silly fetch manifest is-interactive@^2.0.0
160 silly packumentCache full:https://registry.npmmirror.com/is-interactive cache-miss
161 http fetch GET 200 https://registry.npmmirror.com/@nodelib%2ffs.walk 56ms (cache miss)
162 silly packumentCache full:https://registry.npmmirror.com/@nodelib%2ffs.walk set size:8290 disposed:false
163 silly fetch manifest is-unicode-supported@^2.0.0
164 silly packumentCache full:https://registry.npmmirror.com/is-unicode-supported cache-miss
165 http fetch GET 200 https://registry.npmmirror.com/@inquirer%2fselect 77ms (cache miss)
166 silly packumentCache full:https://registry.npmmirror.com/@inquirer%2fselect set size:55135 disposed:false
167 silly fetch manifest log-symbols@^6.0.0
168 silly packumentCache full:https://registry.npmmirror.com/log-symbols cache-miss
169 http fetch GET 200 https://registry.npmmirror.com/cli-cursor 53ms (cache miss)
170 silly packumentCache full:https://registry.npmmirror.com/cli-cursor set size:3946 disposed:false
171 silly fetch manifest stdin-discarder@^0.2.2
172 silly packumentCache full:https://registry.npmmirror.com/stdin-discarder cache-miss
173 http fetch GET 200 https://registry.npmmirror.com/log-symbols 32ms (cache miss)
174 silly packumentCache full:https://registry.npmmirror.com/log-symbols set size:6736 disposed:false
175 silly fetch manifest string-width@^7.2.0
176 silly packumentCache full:https://registry.npmmirror.com/string-width cache-miss
177 http fetch GET 200 https://registry.npmmirror.com/is-interactive 71ms (cache miss)
178 silly packumentCache full:https://registry.npmmirror.com/is-interactive set size:2696 disposed:false
179 silly fetch manifest strip-ansi@^7.1.0
180 silly packumentCache full:https://registry.npmmirror.com/strip-ansi cache-miss
181 http fetch GET 200 https://registry.npmmirror.com/string-width 33ms (cache miss)
182 silly packumentCache full:https://registry.npmmirror.com/string-width set size:12729 disposed:false
183 silly fetch manifest @posthog/core@1.20.1
184 silly packumentCache full:https://registry.npmmirror.com/@posthog%2fcore cache-miss
185 http fetch GET 200 https://registry.npmmirror.com/is-unicode-supported 77ms (cache miss)
186 silly packumentCache full:https://registry.npmmirror.com/is-unicode-supported set size:4953 disposed:false
187 http fetch GET 200 https://registry.npmmirror.com/stdin-discarder 52ms (cache miss)
188 silly packumentCache full:https://registry.npmmirror.com/stdin-discarder set size:4286 disposed:false
189 http fetch GET 200 https://registry.npmmirror.com/cli-spinners 113ms (cache miss)
190 silly packumentCache full:https://registry.npmmirror.com/cli-spinners set size:12769 disposed:false
191 http fetch GET 200 https://registry.npmmirror.com/@inquirer%2frawlist 211ms (cache miss)
192 silly packumentCache full:https://registry.npmmirror.com/@inquirer%2frawlist set size:48526 disposed:false
193 http fetch GET 200 https://registry.npmmirror.com/strip-ansi 49ms (cache miss)
194 silly packumentCache full:https://registry.npmmirror.com/strip-ansi set size:7820 disposed:false
195 http fetch GET 200 https://registry.npmmirror.com/@posthog%2fcore 59ms (cache miss)
196 silly packumentCache full:https://registry.npmmirror.com/@posthog%2fcore set size:17655 disposed:false
197 http fetch GET 200 https://registry.npmmirror.com/micromatch 170ms (cache miss)
198 silly packumentCache full:https://registry.npmmirror.com/micromatch set size:39386 disposed:false
199 silly placeDep node_modules/@fission-ai/openspec @inquirer/ansi@1.0.2 OK for: @inquirer/core@10.3.2 want: ^1.0.2
200 silly placeDep node_modules/@fission-ai/openspec @inquirer/figures@1.0.15 OK for: @inquirer/core@10.3.2 want: ^1.0.15
201 silly placeDep node_modules/@fission-ai/openspec @inquirer/type@3.0.10 OK for: @inquirer/core@10.3.2 want: ^3.0.10
202 silly placeDep node_modules/@fission-ai/openspec cli-width@4.1.0 OK for: @inquirer/core@10.3.2 want: ^4.1.0
203 silly placeDep node_modules/@fission-ai/openspec mute-stream@2.0.0 OK for: @inquirer/core@10.3.2 want: ^2.0.0
204 silly placeDep node_modules/@fission-ai/openspec signal-exit@4.1.0 OK for: @inquirer/core@10.3.2 want: ^4.1.0
205 silly placeDep node_modules/@fission-ai/openspec wrap-ansi@6.2.0 OK for: @inquirer/core@10.3.2 want: ^6.2.0
206 silly placeDep node_modules/@fission-ai/openspec yoctocolors-cjs@2.1.3 OK for: @inquirer/core@10.3.2 want: ^2.1.3
207 silly fetch manifest ansi-styles@^4.0.0
208 silly packumentCache full:https://registry.npmmirror.com/ansi-styles cache-miss
209 silly fetch manifest string-width@^4.1.0
210 silly packumentCache full:https://registry.npmmirror.com/string-width cache-hit
211 silly fetch manifest strip-ansi@^6.0.0
212 silly packumentCache full:https://registry.npmmirror.com/strip-ansi cache-hit
213 http fetch GET 200 https://registry.npmmirror.com/ansi-styles 40ms (cache miss)
214 silly packumentCache full:https://registry.npmmirror.com/ansi-styles set size:13769 disposed:false
215 silly placeDep node_modules/@fission-ai/openspec @inquirer/checkbox@4.3.2 OK for: @inquirer/prompts@7.10.1 want: ^4.3.2
216 silly placeDep node_modules/@fission-ai/openspec @inquirer/confirm@5.1.21 OK for: @inquirer/prompts@7.10.1 want: ^5.1.21
217 silly placeDep node_modules/@fission-ai/openspec @inquirer/editor@4.2.23 OK for: @inquirer/prompts@7.10.1 want: ^4.2.23
218 silly placeDep node_modules/@fission-ai/openspec @inquirer/expand@4.0.23 OK for: @inquirer/prompts@7.10.1 want: ^4.0.23
219 silly placeDep node_modules/@fission-ai/openspec @inquirer/input@4.3.1 OK for: @inquirer/prompts@7.10.1 want: ^4.3.1
220 silly placeDep node_modules/@fission-ai/openspec @inquirer/number@3.0.23 OK for: @inquirer/prompts@7.10.1 want: ^3.0.23
221 silly placeDep node_modules/@fission-ai/openspec @inquirer/password@4.0.23 OK for: @inquirer/prompts@7.10.1 want: ^4.0.23
222 silly placeDep node_modules/@fission-ai/openspec @inquirer/rawlist@4.1.11 OK for: @inquirer/prompts@7.10.1 want: ^4.1.11
223 silly placeDep node_modules/@fission-ai/openspec @inquirer/search@3.2.2 OK for: @inquirer/prompts@7.10.1 want: ^3.2.2
224 silly placeDep node_modules/@fission-ai/openspec @inquirer/select@4.4.2 OK for: @inquirer/prompts@7.10.1 want: ^4.4.2
225 silly fetch manifest @inquirer/external-editor@^1.0.3
226 silly packumentCache full:https://registry.npmmirror.com/@inquirer%2fexternal-editor cache-miss
227 http fetch GET 200 https://registry.npmmirror.com/@inquirer%2fexternal-editor 54ms (cache miss)
228 silly packumentCache full:https://registry.npmmirror.com/@inquirer%2fexternal-editor set size:6411 disposed:false
229 silly placeDep node_modules/@fission-ai/openspec @inquirer/external-editor@1.0.3 OK for: @inquirer/editor@4.2.23 want: ^1.0.3
230 silly fetch manifest chardet@^2.1.1
231 silly packumentCache full:https://registry.npmmirror.com/chardet cache-miss
232 silly fetch manifest iconv-lite@^0.7.0
233 silly packumentCache full:https://registry.npmmirror.com/iconv-lite cache-miss
234 http fetch GET 200 https://registry.npmmirror.com/chardet 27ms (cache miss)
235 silly packumentCache full:https://registry.npmmirror.com/chardet set size:13456 disposed:false
236 http fetch GET 200 https://registry.npmmirror.com/iconv-lite 32ms (cache miss)
237 silly packumentCache full:https://registry.npmmirror.com/iconv-lite set size:19791 disposed:false
238 silly placeDep node_modules/@fission-ai/openspec chardet@2.1.1 OK for: @inquirer/external-editor@1.0.3 want: ^2.1.1
239 silly placeDep node_modules/@fission-ai/openspec iconv-lite@0.7.2 OK for: @inquirer/external-editor@1.0.3 want: ^0.7.0
240 silly fetch manifest safer-buffer@>= 2.1.2 < 3.0.0
241 silly packumentCache full:https://registry.npmmirror.com/safer-buffer cache-miss
242 http fetch GET 200 https://registry.npmmirror.com/safer-buffer 28ms (cache miss)
243 silly packumentCache full:https://registry.npmmirror.com/safer-buffer set size:6036 disposed:false
244 silly placeDep node_modules/@fission-ai/openspec @nodelib/fs.stat@2.0.5 OK for: fast-glob@3.3.3 want: ^2.0.2
245 silly placeDep node_modules/@fission-ai/openspec @nodelib/fs.walk@1.2.8 OK for: fast-glob@3.3.3 want: ^1.2.3
246 silly placeDep node_modules/@fission-ai/openspec glob-parent@5.1.2 OK for: fast-glob@3.3.3 want: ^5.1.2
247 silly placeDep node_modules/@fission-ai/openspec merge2@1.4.1 OK for: fast-glob@3.3.3 want: ^1.3.0
248 silly placeDep node_modules/@fission-ai/openspec micromatch@4.0.8 OK for: fast-glob@3.3.3 want: ^4.0.8
249 silly fetch manifest @nodelib/fs.scandir@2.1.5
250 silly packumentCache full:https://registry.npmmirror.com/@nodelib%2ffs.scandir cache-miss
251 silly fetch manifest fastq@^1.6.0
252 silly packumentCache full:https://registry.npmmirror.com/fastq cache-miss
253 silly fetch manifest is-glob@^4.0.1
254 silly packumentCache full:https://registry.npmmirror.com/is-glob cache-miss
255 silly fetch manifest braces@^3.0.3
256 silly packumentCache full:https://registry.npmmirror.com/braces cache-miss
257 silly fetch manifest picomatch@^2.3.1
258 silly packumentCache full:https://registry.npmmirror.com/picomatch cache-miss
259 http fetch GET 200 https://registry.npmmirror.com/picomatch 30ms (cache miss)
260 silly packumentCache full:https://registry.npmmirror.com/picomatch set size:22183 disposed:false
261 http fetch GET 200 https://registry.npmmirror.com/fastq 37ms (cache miss)
262 silly packumentCache full:https://registry.npmmirror.com/fastq set size:15037 disposed:false
263 http fetch GET 200 https://registry.npmmirror.com/@nodelib%2ffs.scandir 39ms (cache miss)
264 silly packumentCache full:https://registry.npmmirror.com/@nodelib%2ffs.scandir set size:8538 disposed:false
265 http fetch GET 200 https://registry.npmmirror.com/braces 39ms (cache miss)
266 silly packumentCache full:https://registry.npmmirror.com/braces set size:22104 disposed:false
267 http fetch GET 200 https://registry.npmmirror.com/is-glob 56ms (cache miss)
268 silly packumentCache full:https://registry.npmmirror.com/is-glob set size:7964 disposed:false
269 silly placeDep node_modules/@fission-ai/openspec @nodelib/fs.scandir@2.1.5 OK for: @nodelib/fs.walk@1.2.8 want: 2.1.5
270 silly placeDep node_modules/@fission-ai/openspec fastq@1.20.1 OK for: @nodelib/fs.walk@1.2.8 want: ^1.6.0
271 silly fetch manifest run-parallel@^1.1.9
272 silly packumentCache full:https://registry.npmmirror.com/run-parallel cache-miss
273 silly fetch manifest reusify@^1.0.4
274 silly packumentCache full:https://registry.npmmirror.com/reusify cache-miss
275 http fetch GET 200 https://registry.npmmirror.com/reusify 28ms (cache miss)
276 silly packumentCache full:https://registry.npmmirror.com/reusify set size:4443 disposed:false
277 http fetch GET 200 https://registry.npmmirror.com/run-parallel 30ms (cache miss)
278 silly packumentCache full:https://registry.npmmirror.com/run-parallel set size:6674 disposed:false
279 silly placeDep node_modules/@fission-ai/openspec run-parallel@1.2.0 OK for: @nodelib/fs.scandir@2.1.5 want: ^1.1.9
280 silly fetch manifest queue-microtask@^1.2.2
281 silly packumentCache full:https://registry.npmmirror.com/queue-microtask cache-miss
282 http fetch GET 200 https://registry.npmmirror.com/queue-microtask 26ms (cache miss)
283 silly packumentCache full:https://registry.npmmirror.com/queue-microtask set size:6139 disposed:false
284 silly placeDep node_modules/@fission-ai/openspec reusify@1.1.0 OK for: fastq@1.20.1 want: ^1.0.4
285 silly placeDep node_modules/@fission-ai/openspec is-glob@4.0.3 OK for: glob-parent@5.1.2 want: ^4.0.1
286 silly fetch manifest is-extglob@^2.1.1
287 silly packumentCache full:https://registry.npmmirror.com/is-extglob cache-miss
288 http fetch GET 200 https://registry.npmmirror.com/is-extglob 61ms (cache miss)
289 silly packumentCache full:https://registry.npmmirror.com/is-extglob set size:3363 disposed:false
290 silly placeDep node_modules/@fission-ai/openspec safer-buffer@2.1.2 OK for: iconv-lite@0.7.2 want: >= 2.1.2 < 3.0.0
291 silly placeDep node_modules/@fission-ai/openspec is-extglob@2.1.1 OK for: is-glob@4.0.3 want: ^2.1.1
292 silly placeDep node_modules/@fission-ai/openspec braces@3.0.3 OK for: micromatch@4.0.8 want: ^3.0.3
293 silly placeDep node_modules/@fission-ai/openspec picomatch@2.3.1 OK for: micromatch@4.0.8 want: ^2.3.1
294 silly fetch manifest fill-range@^7.1.1
295 silly packumentCache full:https://registry.npmmirror.com/fill-range cache-miss
296 http fetch GET 200 https://registry.npmmirror.com/fill-range 34ms (cache miss)
297 silly packumentCache full:https://registry.npmmirror.com/fill-range set size:14249 disposed:false
298 silly placeDep node_modules/@fission-ai/openspec fill-range@7.1.1 OK for: braces@3.0.3 want: ^7.1.1
299 silly fetch manifest to-regex-range@^5.0.1
300 silly packumentCache full:https://registry.npmmirror.com/to-regex-range cache-miss
301 http fetch GET 200 https://registry.npmmirror.com/to-regex-range 30ms (cache miss)
302 silly packumentCache full:https://registry.npmmirror.com/to-regex-range set size:11477 disposed:false
303 silly placeDep node_modules/@fission-ai/openspec to-regex-range@5.0.1 OK for: fill-range@7.1.1 want: ^5.0.1
304 silly fetch manifest is-number@^7.0.0
305 silly packumentCache full:https://registry.npmmirror.com/is-number cache-miss
306 http fetch GET 200 https://registry.npmmirror.com/is-number 32ms (cache miss)
307 silly packumentCache full:https://registry.npmmirror.com/is-number set size:7889 disposed:false
308 silly placeDep node_modules/@fission-ai/openspec cli-cursor@5.0.0 OK for: ora@8.2.0 want: ^5.0.0
309 silly placeDep node_modules/@fission-ai/openspec cli-spinners@2.9.2 OK for: ora@8.2.0 want: ^2.9.2
310 silly placeDep node_modules/@fission-ai/openspec is-interactive@2.0.0 OK for: ora@8.2.0 want: ^2.0.0
311 silly placeDep node_modules/@fission-ai/openspec is-unicode-supported@2.1.0 OK for: ora@8.2.0 want: ^2.0.0
312 silly placeDep node_modules/@fission-ai/openspec log-symbols@6.0.0 OK for: ora@8.2.0 want: ^6.0.0
313 silly placeDep node_modules/@fission-ai/openspec stdin-discarder@0.2.2 OK for: ora@8.2.0 want: ^0.2.2
314 silly placeDep node_modules/@fission-ai/openspec string-width@7.2.0 OK for: ora@8.2.0 want: ^7.2.0
315 silly placeDep node_modules/@fission-ai/openspec strip-ansi@7.1.2 OK for: ora@8.2.0 want: ^7.1.0
316 silly fetch manifest restore-cursor@^5.0.0
317 silly packumentCache full:https://registry.npmmirror.com/restore-cursor cache-miss
318 silly fetch manifest is-unicode-supported@^1.3.0
319 silly packumentCache full:https://registry.npmmirror.com/is-unicode-supported cache-hit
320 silly fetch manifest emoji-regex@^10.3.0
321 silly packumentCache full:https://registry.npmmirror.com/emoji-regex cache-miss
322 silly fetch manifest get-east-asian-width@^1.0.0
323 silly packumentCache full:https://registry.npmmirror.com/get-east-asian-width cache-miss
324 silly fetch manifest ansi-regex@^6.0.1
325 silly packumentCache full:https://registry.npmmirror.com/ansi-regex cache-miss
326 http fetch GET 200 https://registry.npmmirror.com/ansi-regex 33ms (cache miss)
327 silly packumentCache full:https://registry.npmmirror.com/ansi-regex set size:9857 disposed:false
328 http fetch GET 200 https://registry.npmmirror.com/restore-cursor 53ms (cache miss)
329 silly packumentCache full:https://registry.npmmirror.com/restore-cursor set size:3681 disposed:false
330 http fetch GET 200 https://registry.npmmirror.com/get-east-asian-width 53ms (cache miss)
331 silly packumentCache full:https://registry.npmmirror.com/get-east-asian-width set size:4117 disposed:false
332 http fetch GET 200 https://registry.npmmirror.com/emoji-regex 55ms (cache miss)
333 silly packumentCache full:https://registry.npmmirror.com/emoji-regex set size:17651 disposed:false
334 silly placeDep node_modules/@fission-ai/openspec restore-cursor@5.1.0 OK for: cli-cursor@5.0.0 want: ^5.0.0
335 silly fetch manifest onetime@^7.0.0
336 silly packumentCache full:https://registry.npmmirror.com/onetime cache-miss
337 http fetch GET 200 https://registry.npmmirror.com/onetime 36ms (cache miss)
338 silly packumentCache full:https://registry.npmmirror.com/onetime set size:6018 disposed:false
339 silly placeDep node_modules/@fission-ai/openspec/node_modules/log-symbols is-unicode-supported@1.3.0 OK for: log-symbols@6.0.0 want: ^1.3.0
340 silly placeDep node_modules/@fission-ai/openspec @posthog/core@1.20.1 OK for: posthog-node@5.24.11 want: 1.20.1
341 silly fetch manifest cross-spawn@^7.0.6
342 silly packumentCache full:https://registry.npmmirror.com/cross-spawn cache-miss
343 http fetch GET 200 https://registry.npmmirror.com/cross-spawn 31ms (cache miss)
344 silly packumentCache full:https://registry.npmmirror.com/cross-spawn set size:19398 disposed:false
345 silly placeDep node_modules/@fission-ai/openspec cross-spawn@7.0.6 OK for: @posthog/core@1.20.1 want: ^7.0.6
346 silly fetch manifest path-key@^3.1.0
347 silly packumentCache full:https://registry.npmmirror.com/path-key cache-miss
348 silly fetch manifest shebang-command@^2.0.0
349 silly packumentCache full:https://registry.npmmirror.com/shebang-command cache-miss
350 silly fetch manifest which@^2.0.1
351 silly packumentCache full:https://registry.npmmirror.com/which cache-miss
352 http fetch GET 200 https://registry.npmmirror.com/shebang-command 32ms (cache miss)
353 silly packumentCache full:https://registry.npmmirror.com/shebang-command set size:2106 disposed:false
354 http fetch GET 200 https://registry.npmmirror.com/which 50ms (cache miss)
355 silly packumentCache full:https://registry.npmmirror.com/which set size:13981 disposed:false
356 http fetch GET 200 https://registry.npmmirror.com/path-key 51ms (cache miss)
357 silly packumentCache full:https://registry.npmmirror.com/path-key set size:3439 disposed:false
358 silly placeDep node_modules/@fission-ai/openspec path-key@3.1.1 OK for: cross-spawn@7.0.6 want: ^3.1.0
359 silly placeDep node_modules/@fission-ai/openspec shebang-command@2.0.0 OK for: cross-spawn@7.0.6 want: ^2.0.0
360 silly placeDep node_modules/@fission-ai/openspec which@2.0.2 OK for: cross-spawn@7.0.6 want: ^2.0.1
361 silly fetch manifest shebang-regex@^3.0.0
362 silly packumentCache full:https://registry.npmmirror.com/shebang-regex cache-miss
363 silly fetch manifest isexe@^2.0.0
364 silly packumentCache full:https://registry.npmmirror.com/isexe cache-miss
365 http fetch GET 200 https://registry.npmmirror.com/isexe 26ms (cache miss)
366 silly packumentCache full:https://registry.npmmirror.com/isexe set size:6524 disposed:false
367 http fetch GET 200 https://registry.npmmirror.com/shebang-regex 28ms (cache miss)
368 silly packumentCache full:https://registry.npmmirror.com/shebang-regex set size:2417 disposed:false
369 silly placeDep node_modules/@fission-ai/openspec onetime@7.0.0 OK for: restore-cursor@5.1.0 want: ^7.0.0
370 silly fetch manifest mimic-function@^5.0.0
371 silly packumentCache full:https://registry.npmmirror.com/mimic-function cache-miss
372 http fetch GET 200 https://registry.npmmirror.com/mimic-function 55ms (cache miss)
373 silly packumentCache full:https://registry.npmmirror.com/mimic-function set size:2460 disposed:false
374 silly placeDep node_modules/@fission-ai/openspec mimic-function@5.0.1 OK for: onetime@7.0.0 want: ^5.0.0
375 silly placeDep node_modules/@fission-ai/openspec queue-microtask@1.2.3 OK for: run-parallel@1.2.0 want: ^1.2.2
376 silly placeDep node_modules/@fission-ai/openspec shebang-regex@3.0.0 OK for: shebang-command@2.0.0 want: ^3.0.0
377 silly placeDep node_modules/@fission-ai/openspec emoji-regex@10.6.0 OK for: string-width@7.2.0 want: ^10.3.0
378 silly placeDep node_modules/@fission-ai/openspec get-east-asian-width@1.4.0 OK for: string-width@7.2.0 want: ^1.0.0
379 silly placeDep node_modules/@fission-ai/openspec ansi-regex@6.2.2 OK for: strip-ansi@7.1.2 want: ^6.0.1
380 silly placeDep node_modules/@fission-ai/openspec is-number@7.0.0 OK for: to-regex-range@5.0.1 want: ^7.0.0
381 silly placeDep node_modules/@fission-ai/openspec isexe@2.0.0 OK for: which@2.0.2 want: ^2.0.0
382 silly placeDep node_modules/@fission-ai/openspec ansi-styles@4.3.0 OK for: wrap-ansi@6.2.0 want: ^4.0.0
383 silly placeDep node_modules/@fission-ai/openspec/node_modules/wrap-ansi string-width@4.2.3 OK for: wrap-ansi@6.2.0 want: ^4.1.0
384 silly placeDep node_modules/@fission-ai/openspec/node_modules/wrap-ansi strip-ansi@6.0.1 OK for: wrap-ansi@6.2.0 want: ^6.0.0
385 silly fetch manifest color-convert@^2.0.1
386 silly packumentCache full:https://registry.npmmirror.com/color-convert cache-miss
387 silly fetch manifest emoji-regex@^8.0.0
388 silly packumentCache full:https://registry.npmmirror.com/emoji-regex cache-hit
389 silly fetch manifest is-fullwidth-code-point@^3.0.0
390 silly packumentCache full:https://registry.npmmirror.com/is-fullwidth-code-point cache-miss
391 silly fetch manifest strip-ansi@^6.0.1
392 silly packumentCache full:https://registry.npmmirror.com/strip-ansi cache-hit
393 silly fetch manifest ansi-regex@^5.0.1
394 silly packumentCache full:https://registry.npmmirror.com/ansi-regex cache-hit
395 http fetch GET 200 https://registry.npmmirror.com/color-convert 31ms (cache miss)
396 silly packumentCache full:https://registry.npmmirror.com/color-convert set size:13807 disposed:false
397 http fetch GET 200 https://registry.npmmirror.com/is-fullwidth-code-point 39ms (cache miss)
398 silly packumentCache full:https://registry.npmmirror.com/is-fullwidth-code-point set size:3385 disposed:false
399 silly placeDep node_modules/@fission-ai/openspec color-convert@2.0.1 OK for: ansi-styles@4.3.0 want: ^2.0.1
400 silly fetch manifest color-name@~1.1.4
401 silly packumentCache full:https://registry.npmmirror.com/color-name cache-miss
402 http fetch GET 200 https://registry.npmmirror.com/color-name 56ms (cache miss)
403 silly packumentCache full:https://registry.npmmirror.com/color-name set size:5269 disposed:false
404 silly placeDep node_modules/@fission-ai/openspec color-name@1.1.4 OK for: color-convert@2.0.1 want: ~1.1.4
405 silly placeDep node_modules/@fission-ai/openspec/node_modules/wrap-ansi emoji-regex@8.0.0 OK for: string-width@4.2.3 want: ^8.0.0
406 silly placeDep node_modules/@fission-ai/openspec is-fullwidth-code-point@3.0.0 OK for: string-width@4.2.3 want: ^3.0.0
407 silly placeDep node_modules/@fission-ai/openspec/node_modules/wrap-ansi ansi-regex@5.0.1 OK for: strip-ansi@6.0.1 want: ^5.0.1
408 silly reify moves {}
409 http cache @fission-ai/openspec@https://registry.npmmirror.com/@fission-ai/openspec/-/openspec-1.1.1.tgz 0ms (cache hit)
410 http cache color-name@https://registry.npmmirror.com/color-name/-/color-name-1.1.4.tgz 0ms (cache hit)
411 http cache is-fullwidth-code-point@https://registry.npmmirror.com/is-fullwidth-code-point/-/is-fullwidth-code-point-3.0.0.tgz 0ms (cache hit)
412 http cache color-convert@https://registry.npmmirror.com/color-convert/-/color-convert-2.0.1.tgz 0ms (cache hit)
413 http cache ansi-styles@https://registry.npmmirror.com/ansi-styles/-/ansi-styles-4.3.0.tgz 0ms (cache hit)
414 http cache isexe@https://registry.npmmirror.com/isexe/-/isexe-2.0.0.tgz 0ms (cache hit)
415 http cache is-number@https://registry.npmmirror.com/is-number/-/is-number-7.0.0.tgz 0ms (cache hit)
416 http cache emoji-regex@https://registry.npmmirror.com/emoji-regex/-/emoji-regex-10.6.0.tgz 0ms (cache hit)
417 http cache shebang-regex@https://registry.npmmirror.com/shebang-regex/-/shebang-regex-3.0.0.tgz 0ms (cache hit)
418 http cache get-east-asian-width@https://registry.npmmirror.com/get-east-asian-width/-/get-east-asian-width-1.4.0.tgz 0ms (cache hit)
419 http cache mimic-function@https://registry.npmmirror.com/mimic-function/-/mimic-function-5.0.1.tgz 0ms (cache hit)
420 http cache onetime@https://registry.npmmirror.com/onetime/-/onetime-7.0.0.tgz 0ms (cache hit)
421 http cache which@https://registry.npmmirror.com/which/-/which-2.0.2.tgz 0ms (cache hit)
422 http cache queue-microtask@https://registry.npmmirror.com/queue-microtask/-/queue-microtask-1.2.3.tgz 0ms (cache hit)
423 http cache shebang-command@https://registry.npmmirror.com/shebang-command/-/shebang-command-2.0.0.tgz 0ms (cache hit)
424 http cache path-key@https://registry.npmmirror.com/path-key/-/path-key-3.1.1.tgz 0ms (cache hit)
425 http cache @posthog/core@https://registry.npmmirror.com/@posthog/core/-/core-1.20.1.tgz 0ms (cache hit)
426 http cache cross-spawn@https://registry.npmmirror.com/cross-spawn/-/cross-spawn-7.0.6.tgz 0ms (cache hit)
427 http cache restore-cursor@https://registry.npmmirror.com/restore-cursor/-/restore-cursor-5.1.0.tgz 0ms (cache hit)
428 http cache string-width@https://registry.npmmirror.com/string-width/-/string-width-7.2.0.tgz 0ms (cache hit)
429 http cache strip-ansi@https://registry.npmmirror.com/strip-ansi/-/strip-ansi-7.1.2.tgz 0ms (cache hit)
430 http cache log-symbols@https://registry.npmmirror.com/log-symbols/-/log-symbols-6.0.0.tgz 0ms (cache hit)
431 http cache is-unicode-supported@https://registry.npmmirror.com/is-unicode-supported/-/is-unicode-supported-1.3.0.tgz 1ms (cache hit)
432 http cache stdin-discarder@https://registry.npmmirror.com/stdin-discarder/-/stdin-discarder-0.2.2.tgz 0ms (cache hit)
433 http cache is-unicode-supported@https://registry.npmmirror.com/is-unicode-supported/-/is-unicode-supported-2.1.0.tgz 0ms (cache hit)
434 http cache is-interactive@https://registry.npmmirror.com/is-interactive/-/is-interactive-2.0.0.tgz 0ms (cache hit)
435 http cache cli-spinners@https://registry.npmmirror.com/cli-spinners/-/cli-spinners-2.9.2.tgz 0ms (cache hit)
436 http cache cli-cursor@https://registry.npmmirror.com/cli-cursor/-/cli-cursor-5.0.0.tgz 0ms (cache hit)
437 http cache fill-range@https://registry.npmmirror.com/fill-range/-/fill-range-7.1.1.tgz 0ms (cache hit)
438 http cache picomatch@https://registry.npmmirror.com/picomatch/-/picomatch-2.3.1.tgz 0ms (cache hit)
439 http cache to-regex-range@https://registry.npmmirror.com/to-regex-range/-/to-regex-range-5.0.1.tgz 0ms (cache hit)
440 http cache braces@https://registry.npmmirror.com/braces/-/braces-3.0.3.tgz 0ms (cache hit)
441 http cache is-extglob@https://registry.npmmirror.com/is-extglob/-/is-extglob-2.1.1.tgz 0ms (cache hit)
442 http cache safer-buffer@https://registry.npmmirror.com/safer-buffer/-/safer-buffer-2.1.2.tgz 0ms (cache hit)
443 http cache is-glob@https://registry.npmmirror.com/is-glob/-/is-glob-4.0.3.tgz 0ms (cache hit)
444 http cache reusify@https://registry.npmmirror.com/reusify/-/reusify-1.1.0.tgz 0ms (cache hit)
445 http cache run-parallel@https://registry.npmmirror.com/run-parallel/-/run-parallel-1.2.0.tgz 0ms (cache hit)
446 http cache fastq@https://registry.npmmirror.com/fastq/-/fastq-1.20.1.tgz 0ms (cache hit)
447 http cache @nodelib/fs.scandir@https://registry.npmmirror.com/@nodelib/fs.scandir/-/fs.scandir-2.1.5.tgz 0ms (cache hit)
448 http cache micromatch@https://registry.npmmirror.com/micromatch/-/micromatch-4.0.8.tgz 0ms (cache hit)
449 http cache glob-parent@https://registry.npmmirror.com/glob-parent/-/glob-parent-5.1.2.tgz 0ms (cache hit)
450 http cache merge2@https://registry.npmmirror.com/merge2/-/merge2-1.4.1.tgz 0ms (cache hit)
451 http cache @nodelib/fs.walk@https://registry.npmmirror.com/@nodelib/fs.walk/-/fs.walk-1.2.8.tgz 0ms (cache hit)
452 http cache @nodelib/fs.stat@https://registry.npmmirror.com/@nodelib/fs.stat/-/fs.stat-2.0.5.tgz 0ms (cache hit)
453 http cache iconv-lite@https://registry.npmmirror.com/iconv-lite/-/iconv-lite-0.7.2.tgz 0ms (cache hit)
454 http cache @inquirer/external-editor@https://registry.npmmirror.com/@inquirer/external-editor/-/external-editor-1.0.3.tgz 0ms (cache hit)
455 http cache @inquirer/search@https://registry.npmmirror.com/@inquirer/search/-/search-3.2.2.tgz 0ms (cache hit)
456 http cache ansi-regex@https://registry.npmmirror.com/ansi-regex/-/ansi-regex-6.2.2.tgz 0ms (cache hit)
457 http cache @inquirer/select@https://registry.npmmirror.com/@inquirer/select/-/select-4.4.2.tgz 0ms (cache hit)
458 http cache @inquirer/rawlist@https://registry.npmmirror.com/@inquirer/rawlist/-/rawlist-4.1.11.tgz 0ms (cache hit)
459 http cache @inquirer/number@https://registry.npmmirror.com/@inquirer/number/-/number-3.0.23.tgz 0ms (cache hit)
460 http cache @inquirer/input@https://registry.npmmirror.com/@inquirer/input/-/input-4.3.1.tgz 0ms (cache hit)
461 http cache chardet@https://registry.npmmirror.com/chardet/-/chardet-2.1.1.tgz 0ms (cache hit)
462 http cache @inquirer/expand@https://registry.npmmirror.com/@inquirer/expand/-/expand-4.0.23.tgz 0ms (cache hit)
463 http cache @inquirer/editor@https://registry.npmmirror.com/@inquirer/editor/-/editor-4.2.23.tgz 0ms (cache hit)
464 http cache @inquirer/confirm@https://registry.npmmirror.com/@inquirer/confirm/-/confirm-5.1.21.tgz 0ms (cache hit)
465 http cache wrap-ansi@https://registry.npmmirror.com/wrap-ansi/-/wrap-ansi-6.2.0.tgz 0ms (cache hit)
466 http cache ansi-regex@https://registry.npmmirror.com/ansi-regex/-/ansi-regex-5.0.1.tgz 0ms (cache hit)
467 http cache strip-ansi@https://registry.npmmirror.com/strip-ansi/-/strip-ansi-6.0.1.tgz 0ms (cache hit)
468 http cache mute-stream@https://registry.npmmirror.com/mute-stream/-/mute-stream-2.0.0.tgz 0ms (cache hit)
469 http cache @inquirer/checkbox@https://registry.npmmirror.com/@inquirer/checkbox/-/checkbox-4.3.2.tgz 0ms (cache hit)
470 http cache @inquirer/password@https://registry.npmmirror.com/@inquirer/password/-/password-4.0.23.tgz 0ms (cache hit)
471 http cache yoctocolors-cjs@https://registry.npmmirror.com/yoctocolors-cjs/-/yoctocolors-cjs-2.1.3.tgz 0ms (cache hit)
472 http cache signal-exit@https://registry.npmmirror.com/signal-exit/-/signal-exit-4.1.0.tgz 0ms (cache hit)
473 http cache cli-width@https://registry.npmmirror.com/cli-width/-/cli-width-4.1.0.tgz 0ms (cache hit)
474 http cache @inquirer/type@https://registry.npmmirror.com/@inquirer/type/-/type-3.0.10.tgz 0ms (cache hit)
475 http cache @inquirer/figures@https://registry.npmmirror.com/@inquirer/figures/-/figures-1.0.15.tgz 0ms (cache hit)
476 http cache @inquirer/ansi@https://registry.npmmirror.com/@inquirer/ansi/-/ansi-1.0.2.tgz 0ms (cache hit)
477 http cache zod@https://registry.npmmirror.com/zod/-/zod-4.3.6.tgz 0ms (cache hit)
478 http cache yaml@https://registry.npmmirror.com/yaml/-/yaml-2.8.2.tgz 0ms (cache hit)
479 http cache posthog-node@https://registry.npmmirror.com/posthog-node/-/posthog-node-5.24.11.tgz 0ms (cache hit)
480 http cache ora@https://registry.npmmirror.com/ora/-/ora-8.2.0.tgz 0ms (cache hit)
481 http cache fast-glob@https://registry.npmmirror.com/fast-glob/-/fast-glob-3.3.3.tgz 0ms (cache hit)
482 http cache commander@https://registry.npmmirror.com/commander/-/commander-14.0.3.tgz 0ms (cache hit)
483 http cache chalk@https://registry.npmmirror.com/chalk/-/chalk-5.6.2.tgz 0ms (cache hit)
484 http cache @inquirer/prompts@https://registry.npmmirror.com/@inquirer/prompts/-/prompts-7.10.1.tgz 0ms (cache hit)
485 http cache @inquirer/core@https://registry.npmmirror.com/@inquirer/core/-/core-10.3.2.tgz 0ms (cache hit)
486 http cache emoji-regex@https://registry.npmmirror.com/emoji-regex/-/emoji-regex-8.0.0.tgz 0ms (cache hit)
487 http cache string-width@https://registry.npmmirror.com/string-width/-/string-width-4.2.3.tgz 0ms (cache hit)
488 silly tarball no local data for @fission-ai/openspec@https://registry.npmmirror.com/@fission-ai/openspec/-/openspec-1.1.1.tgz. Extracting by manifest.
489 silly tarball no local data for color-name@https://registry.npmmirror.com/color-name/-/color-name-1.1.4.tgz. Extracting by manifest.
490 silly tarball no local data for is-fullwidth-code-point@https://registry.npmmirror.com/is-fullwidth-code-point/-/is-fullwidth-code-point-3.0.0.tgz. Extracting by manifest.
491 silly tarball no local data for color-convert@https://registry.npmmirror.com/color-convert/-/color-convert-2.0.1.tgz. Extracting by manifest.
492 silly tarball no local data for ansi-styles@https://registry.npmmirror.com/ansi-styles/-/ansi-styles-4.3.0.tgz. Extracting by manifest.
493 silly tarball no local data for isexe@https://registry.npmmirror.com/isexe/-/isexe-2.0.0.tgz. Extracting by manifest.
494 silly tarball no local data for is-number@https://registry.npmmirror.com/is-number/-/is-number-7.0.0.tgz. Extracting by manifest.
495 silly tarball no local data for emoji-regex@https://registry.npmmirror.com/emoji-regex/-/emoji-regex-10.6.0.tgz. Extracting by manifest.
496 silly tarball no local data for shebang-regex@https://registry.npmmirror.com/shebang-regex/-/shebang-regex-3.0.0.tgz. Extracting by manifest.
497 silly tarball no local data for get-east-asian-width@https://registry.npmmirror.com/get-east-asian-width/-/get-east-asian-width-1.4.0.tgz. Extracting by manifest.
498 silly tarball no local data for mimic-function@https://registry.npmmirror.com/mimic-function/-/mimic-function-5.0.1.tgz. Extracting by manifest.
499 silly tarball no local data for onetime@https://registry.npmmirror.com/onetime/-/onetime-7.0.0.tgz. Extracting by manifest.
500 silly tarball no local data for queue-microtask@https://registry.npmmirror.com/queue-microtask/-/queue-microtask-1.2.3.tgz. Extracting by manifest.
501 silly tarball no local data for which@https://registry.npmmirror.com/which/-/which-2.0.2.tgz. Extracting by manifest.
502 silly tarball no local data for shebang-command@https://registry.npmmirror.com/shebang-command/-/shebang-command-2.0.0.tgz. Extracting by manifest.
503 silly tarball no local data for path-key@https://registry.npmmirror.com/path-key/-/path-key-3.1.1.tgz. Extracting by manifest.
504 silly tarball no local data for @posthog/core@https://registry.npmmirror.com/@posthog/core/-/core-1.20.1.tgz. Extracting by manifest.
505 silly tarball no local data for cross-spawn@https://registry.npmmirror.com/cross-spawn/-/cross-spawn-7.0.6.tgz. Extracting by manifest.
506 silly tarball no local data for restore-cursor@https://registry.npmmirror.com/restore-cursor/-/restore-cursor-5.1.0.tgz. Extracting by manifest.
507 silly tarball no local data for string-width@https://registry.npmmirror.com/string-width/-/string-width-7.2.0.tgz. Extracting by manifest.
508 silly tarball no local data for strip-ansi@https://registry.npmmirror.com/strip-ansi/-/strip-ansi-7.1.2.tgz. Extracting by manifest.
509 silly tarball no local data for log-symbols@https://registry.npmmirror.com/log-symbols/-/log-symbols-6.0.0.tgz. Extracting by manifest.
510 silly tarball no local data for is-unicode-supported@https://registry.npmmirror.com/is-unicode-supported/-/is-unicode-supported-1.3.0.tgz. Extracting by manifest.
511 silly tarball no local data for stdin-discarder@https://registry.npmmirror.com/stdin-discarder/-/stdin-discarder-0.2.2.tgz. Extracting by manifest.
512 silly tarball no local data for is-unicode-supported@https://registry.npmmirror.com/is-unicode-supported/-/is-unicode-supported-2.1.0.tgz. Extracting by manifest.
513 silly tarball no local data for is-interactive@https://registry.npmmirror.com/is-interactive/-/is-interactive-2.0.0.tgz. Extracting by manifest.
514 silly tarball no local data for cli-spinners@https://registry.npmmirror.com/cli-spinners/-/cli-spinners-2.9.2.tgz. Extracting by manifest.
515 silly tarball no local data for cli-cursor@https://registry.npmmirror.com/cli-cursor/-/cli-cursor-5.0.0.tgz. Extracting by manifest.
516 silly tarball no local data for fill-range@https://registry.npmmirror.com/fill-range/-/fill-range-7.1.1.tgz. Extracting by manifest.
517 silly tarball no local data for picomatch@https://registry.npmmirror.com/picomatch/-/picomatch-2.3.1.tgz. Extracting by manifest.
518 silly tarball no local data for to-regex-range@https://registry.npmmirror.com/to-regex-range/-/to-regex-range-5.0.1.tgz. Extracting by manifest.
519 silly tarball no local data for braces@https://registry.npmmirror.com/braces/-/braces-3.0.3.tgz. Extracting by manifest.
520 silly tarball no local data for is-extglob@https://registry.npmmirror.com/is-extglob/-/is-extglob-2.1.1.tgz. Extracting by manifest.
521 silly tarball no local data for safer-buffer@https://registry.npmmirror.com/safer-buffer/-/safer-buffer-2.1.2.tgz. Extracting by manifest.
522 silly tarball no local data for is-glob@https://registry.npmmirror.com/is-glob/-/is-glob-4.0.3.tgz. Extracting by manifest.
523 silly tarball no local data for reusify@https://registry.npmmirror.com/reusify/-/reusify-1.1.0.tgz. Extracting by manifest.
524 silly tarball no local data for run-parallel@https://registry.npmmirror.com/run-parallel/-/run-parallel-1.2.0.tgz. Extracting by manifest.
525 silly tarball no local data for fastq@https://registry.npmmirror.com/fastq/-/fastq-1.20.1.tgz. Extracting by manifest.
526 silly tarball no local data for @nodelib/fs.scandir@https://registry.npmmirror.com/@nodelib/fs.scandir/-/fs.scandir-2.1.5.tgz. Extracting by manifest.
527 silly tarball no local data for micromatch@https://registry.npmmirror.com/micromatch/-/micromatch-4.0.8.tgz. Extracting by manifest.
528 silly tarball no local data for glob-parent@https://registry.npmmirror.com/glob-parent/-/glob-parent-5.1.2.tgz. Extracting by manifest.
529 silly tarball no local data for merge2@https://registry.npmmirror.com/merge2/-/merge2-1.4.1.tgz. Extracting by manifest.
530 silly tarball no local data for @nodelib/fs.walk@https://registry.npmmirror.com/@nodelib/fs.walk/-/fs.walk-1.2.8.tgz. Extracting by manifest.
531 silly tarball no local data for @nodelib/fs.stat@https://registry.npmmirror.com/@nodelib/fs.stat/-/fs.stat-2.0.5.tgz. Extracting by manifest.
532 silly tarball no local data for iconv-lite@https://registry.npmmirror.com/iconv-lite/-/iconv-lite-0.7.2.tgz. Extracting by manifest.
533 silly tarball no local data for @inquirer/external-editor@https://registry.npmmirror.com/@inquirer/external-editor/-/external-editor-1.0.3.tgz. Extracting by manifest.
534 silly tarball no local data for @inquirer/search@https://registry.npmmirror.com/@inquirer/search/-/search-3.2.2.tgz. Extracting by manifest.
535 silly tarball no local data for ansi-regex@https://registry.npmmirror.com/ansi-regex/-/ansi-regex-6.2.2.tgz. Extracting by manifest.
536 silly tarball no local data for @inquirer/select@https://registry.npmmirror.com/@inquirer/select/-/select-4.4.2.tgz. Extracting by manifest.
537 silly tarball no local data for @inquirer/rawlist@https://registry.npmmirror.com/@inquirer/rawlist/-/rawlist-4.1.11.tgz. Extracting by manifest.
538 silly tarball no local data for @inquirer/number@https://registry.npmmirror.com/@inquirer/number/-/number-3.0.23.tgz. Extracting by manifest.
539 silly tarball no local data for @inquirer/input@https://registry.npmmirror.com/@inquirer/input/-/input-4.3.1.tgz. Extracting by manifest.
540 silly tarball no local data for chardet@https://registry.npmmirror.com/chardet/-/chardet-2.1.1.tgz. Extracting by manifest.
541 silly tarball no local data for @inquirer/expand@https://registry.npmmirror.com/@inquirer/expand/-/expand-4.0.23.tgz. Extracting by manifest.
542 silly tarball no local data for @inquirer/editor@https://registry.npmmirror.com/@inquirer/editor/-/editor-4.2.23.tgz. Extracting by manifest.
543 silly tarball no local data for @inquirer/confirm@https://registry.npmmirror.com/@inquirer/confirm/-/confirm-5.1.21.tgz. Extracting by manifest.
544 silly tarball no local data for wrap-ansi@https://registry.npmmirror.com/wrap-ansi/-/wrap-ansi-6.2.0.tgz. Extracting by manifest.
545 silly tarball no local data for ansi-regex@https://registry.npmmirror.com/ansi-regex/-/ansi-regex-5.0.1.tgz. Extracting by manifest.
546 silly tarball no local data for strip-ansi@https://registry.npmmirror.com/strip-ansi/-/strip-ansi-6.0.1.tgz. Extracting by manifest.
547 silly tarball no local data for mute-stream@https://registry.npmmirror.com/mute-stream/-/mute-stream-2.0.0.tgz. Extracting by manifest.
548 silly tarball no local data for @inquirer/checkbox@https://registry.npmmirror.com/@inquirer/checkbox/-/checkbox-4.3.2.tgz. Extracting by manifest.
549 silly tarball no local data for @inquirer/password@https://registry.npmmirror.com/@inquirer/password/-/password-4.0.23.tgz. Extracting by manifest.
550 silly tarball no local data for yoctocolors-cjs@https://registry.npmmirror.com/yoctocolors-cjs/-/yoctocolors-cjs-2.1.3.tgz. Extracting by manifest.
551 silly tarball no local data for signal-exit@https://registry.npmmirror.com/signal-exit/-/signal-exit-4.1.0.tgz. Extracting by manifest.
552 silly tarball no local data for cli-width@https://registry.npmmirror.com/cli-width/-/cli-width-4.1.0.tgz. Extracting by manifest.
553 silly tarball no local data for @inquirer/type@https://registry.npmmirror.com/@inquirer/type/-/type-3.0.10.tgz. Extracting by manifest.
554 silly tarball no local data for @inquirer/figures@https://registry.npmmirror.com/@inquirer/figures/-/figures-1.0.15.tgz. Extracting by manifest.
555 silly tarball no local data for @inquirer/ansi@https://registry.npmmirror.com/@inquirer/ansi/-/ansi-1.0.2.tgz. Extracting by manifest.
556 silly tarball no local data for zod@https://registry.npmmirror.com/zod/-/zod-4.3.6.tgz. Extracting by manifest.
557 silly tarball no local data for yaml@https://registry.npmmirror.com/yaml/-/yaml-2.8.2.tgz. Extracting by manifest.
558 silly tarball no local data for posthog-node@https://registry.npmmirror.com/posthog-node/-/posthog-node-5.24.11.tgz. Extracting by manifest.
559 silly tarball no local data for ora@https://registry.npmmirror.com/ora/-/ora-8.2.0.tgz. Extracting by manifest.
560 silly tarball no local data for fast-glob@https://registry.npmmirror.com/fast-glob/-/fast-glob-3.3.3.tgz. Extracting by manifest.
561 silly tarball no local data for commander@https://registry.npmmirror.com/commander/-/commander-14.0.3.tgz. Extracting by manifest.
562 silly tarball no local data for chalk@https://registry.npmmirror.com/chalk/-/chalk-5.6.2.tgz. Extracting by manifest.
563 silly tarball no local data for @inquirer/prompts@https://registry.npmmirror.com/@inquirer/prompts/-/prompts-7.10.1.tgz. Extracting by manifest.
564 silly tarball no local data for @inquirer/core@https://registry.npmmirror.com/@inquirer/core/-/core-10.3.2.tgz. Extracting by manifest.
565 silly tarball no local data for emoji-regex@https://registry.npmmirror.com/emoji-regex/-/emoji-regex-8.0.0.tgz. Extracting by manifest.
566 silly tarball no local data for string-width@https://registry.npmmirror.com/string-width/-/string-width-4.2.3.tgz. Extracting by manifest.
567 http fetch GET 200 https://cdn.npmmirror.com/packages/is-fullwidth-code-point/3.0.0/is-fullwidth-code-point-3.0.0.tgz 401ms (cache miss)
568 http fetch GET 200 https://cdn.npmmirror.com/packages/onetime/7.0.0/onetime-7.0.0.tgz 399ms (cache miss)
569 http fetch GET 200 https://cdn.npmmirror.com/packages/ansi-styles/4.3.0/ansi-styles-4.3.0.tgz 400ms (cache miss)
570 http fetch GET 200 https://cdn.npmmirror.com/packages/color-name/1.1.4/color-name-1.1.4.tgz 402ms (cache miss)
571 http fetch GET 200 https://cdn.npmmirror.com/packages/cross-spawn/7.0.6/cross-spawn-7.0.6.tgz 400ms (cache miss)
572 http fetch GET 200 https://cdn.npmmirror.com/packages/shebang-command/2.0.0/shebang-command-2.0.0.tgz 400ms (cache miss)
573 http fetch GET 200 https://cdn.npmmirror.com/packages/isexe/2.0.0/isexe-2.0.0.tgz 401ms (cache miss)
574 http fetch GET 200 https://cdn.npmmirror.com/packages/shebang-regex/3.0.0/shebang-regex-3.0.0.tgz 401ms (cache miss)
575 http fetch GET 200 https://cdn.npmmirror.com/packages/queue-microtask/1.2.3/queue-microtask-1.2.3.tgz 400ms (cache miss)
576 http fetch GET 200 https://cdn.npmmirror.com/packages/color-convert/2.0.1/color-convert-2.0.1.tgz 402ms (cache miss)
577 http fetch GET 200 https://cdn.npmmirror.com/packages/log-symbols/6.0.0/log-symbols-6.0.0.tgz 400ms (cache miss)
578 http fetch GET 200 https://cdn.npmmirror.com/packages/path-key/3.1.1/path-key-3.1.1.tgz 401ms (cache miss)
579 http fetch GET 200 https://cdn.npmmirror.com/packages/strip-ansi/7.1.2/strip-ansi-7.1.2.tgz 400ms (cache miss)
580 http fetch GET 200 https://cdn.npmmirror.com/packages/restore-cursor/5.1.0/restore-cursor-5.1.0.tgz 402ms (cache miss)
581 http fetch GET 200 https://cdn.npmmirror.com/packages/stdin-discarder/0.2.2/stdin-discarder-0.2.2.tgz 401ms (cache miss)
582 http fetch GET 200 https://cdn.npmmirror.com/packages/cli-cursor/5.0.0/cli-cursor-5.0.0.tgz 402ms (cache miss)
583 http fetch GET 200 https://cdn.npmmirror.com/packages/is-unicode-supported/2.1.0/is-unicode-supported-2.1.0.tgz 403ms (cache miss)
584 http fetch GET 200 https://cdn.npmmirror.com/packages/which/2.0.2/which-2.0.2.tgz 404ms (cache miss)
585 http fetch GET 200 https://cdn.npmmirror.com/packages/is-number/7.0.0/is-number-7.0.0.tgz 408ms (cache miss)
586 http fetch GET 200 https://cdn.npmmirror.com/packages/get-east-asian-width/1.4.0/get-east-asian-width-1.4.0.tgz 409ms (cache miss)
587 http fetch GET 200 https://cdn.npmmirror.com/packages/mimic-function/5.0.1/mimic-function-5.0.1.tgz 410ms (cache miss)
588 http fetch GET 200 https://cdn.npmmirror.com/packages/fill-range/7.1.1/fill-range-7.1.1.tgz 409ms (cache miss)
589 http fetch GET 200 https://cdn.npmmirror.com/packages/cli-spinners/2.9.2/cli-spinners-2.9.2.tgz 409ms (cache miss)
590 http fetch GET 200 https://cdn.npmmirror.com/packages/to-regex-range/5.0.1/to-regex-range-5.0.1.tgz 423ms (cache miss)
591 http fetch GET 200 https://cdn.npmmirror.com/packages/is-unicode-supported/1.3.0/is-unicode-supported-1.3.0.tgz 423ms (cache miss)
592 http fetch GET 200 https://cdn.npmmirror.com/packages/is-interactive/2.0.0/is-interactive-2.0.0.tgz 423ms (cache miss)
593 http fetch GET 200 https://cdn.npmmirror.com/packages/emoji-regex/10.6.0/emoji-regex-10.6.0.tgz 426ms (cache miss)
594 http fetch GET 200 https://cdn.npmmirror.com/packages/is-extglob/2.1.1/is-extglob-2.1.1.tgz 424ms (cache miss)
595 http fetch GET 200 https://cdn.npmmirror.com/packages/braces/3.0.3/braces-3.0.3.tgz 424ms (cache miss)
596 http fetch GET 200 https://cdn.npmmirror.com/packages/reusify/1.1.0/reusify-1.1.0.tgz 424ms (cache miss)
597 http fetch GET 200 https://cdn.npmmirror.com/packages/string-width/7.2.0/string-width-7.2.0.tgz 430ms (cache miss)
598 http fetch GET 200 https://cdn.npmmirror.com/packages/safer-buffer/2.1.2/safer-buffer-2.1.2.tgz 428ms (cache miss)
599 http fetch GET 200 https://cdn.npmmirror.com/packages/%40nodelib/fs.scandir/2.1.5/fs.scandir-2.1.5.tgz 436ms (cache miss)
600 http fetch GET 200 https://cdn.npmmirror.com/packages/run-parallel/1.2.0/run-parallel-1.2.0.tgz 437ms (cache miss)
601 http fetch GET 200 https://cdn.npmmirror.com/packages/%40nodelib/fs.stat/2.0.5/fs.stat-2.0.5.tgz 436ms (cache miss)
602 http fetch GET 200 https://cdn.npmmirror.com/packages/picomatch/2.3.1/picomatch-2.3.1.tgz 438ms (cache miss)
603 http fetch GET 200 https://cdn.npmmirror.com/packages/%40inquirer/search/3.2.2/search-3.2.2.tgz 437ms (cache miss)
604 http fetch GET 200 https://cdn.npmmirror.com/packages/glob-parent/5.1.2/glob-parent-5.1.2.tgz 442ms (cache miss)
605 http fetch GET 200 https://cdn.npmmirror.com/packages/is-glob/4.0.3/is-glob-4.0.3.tgz 444ms (cache miss)
606 http fetch GET 200 https://cdn.npmmirror.com/packages/ansi-regex/6.2.2/ansi-regex-6.2.2.tgz 448ms (cache miss)
607 http fetch GET 200 https://cdn.npmmirror.com/packages/%40inquirer/external-editor/1.0.3/external-editor-1.0.3.tgz 459ms (cache miss)
608 http fetch GET 200 https://cdn.npmmirror.com/packages/%40inquirer/expand/4.0.23/expand-4.0.23.tgz 459ms (cache miss)
609 http fetch GET 200 https://cdn.npmmirror.com/packages/%40inquirer/editor/4.2.23/editor-4.2.23.tgz 464ms (cache miss)
610 http fetch GET 200 https://cdn.npmmirror.com/packages/%40inquirer/input/4.3.1/input-4.3.1.tgz 465ms (cache miss)
611 http fetch GET 200 https://cdn.npmmirror.com/packages/merge2/1.4.1/merge2-1.4.1.tgz 469ms (cache miss)
612 http fetch GET 200 https://cdn.npmmirror.com/packages/ansi-regex/5.0.1/ansi-regex-5.0.1.tgz 478ms (cache miss)
613 http fetch GET 200 https://cdn.npmmirror.com/packages/strip-ansi/6.0.1/strip-ansi-6.0.1.tgz 477ms (cache miss)
614 http fetch GET 200 https://cdn.npmmirror.com/packages/micromatch/4.0.8/micromatch-4.0.8.tgz 483ms (cache miss)
615 http fetch GET 200 https://cdn.npmmirror.com/packages/%40inquirer/checkbox/4.3.2/checkbox-4.3.2.tgz 483ms (cache miss)
616 http fetch GET 200 https://cdn.npmmirror.com/packages/wrap-ansi/6.2.0/wrap-ansi-6.2.0.tgz 486ms (cache miss)
617 http fetch GET 200 https://cdn.npmmirror.com/packages/%40inquirer/number/3.0.23/number-3.0.23.tgz 505ms (cache miss)
618 http fetch GET 200 https://cdn.npmmirror.com/packages/cli-width/4.1.0/cli-width-4.1.0.tgz 502ms (cache miss)
619 http fetch GET 200 https://cdn.npmmirror.com/packages/%40inquirer/rawlist/4.1.11/rawlist-4.1.11.tgz 507ms (cache miss)
620 http fetch GET 200 https://cdn.npmmirror.com/packages/%40inquirer/type/3.0.10/type-3.0.10.tgz 504ms (cache miss)
621 http fetch GET 200 https://cdn.npmmirror.com/packages/%40inquirer/figures/1.0.15/figures-1.0.15.tgz 505ms (cache miss)
622 http fetch GET 200 https://cdn.npmmirror.com/packages/chardet/2.1.1/chardet-2.1.1.tgz 510ms (cache miss)
623 http fetch GET 200 https://cdn.npmmirror.com/packages/%40inquirer/select/4.4.2/select-4.4.2.tgz 515ms (cache miss)
624 http fetch GET 200 https://cdn.npmmirror.com/packages/ora/8.2.0/ora-8.2.0.tgz 524ms (cache miss)
625 http fetch GET 200 https://cdn.npmmirror.com/packages/mute-stream/2.0.0/mute-stream-2.0.0.tgz 532ms (cache miss)
626 http fetch GET 200 https://cdn.npmmirror.com/packages/%40nodelib/fs.walk/1.2.8/fs.walk-1.2.8.tgz 544ms (cache miss)
627 http fetch GET 200 https://cdn.npmmirror.com/packages/yoctocolors-cjs/2.1.3/yoctocolors-cjs-2.1.3.tgz 541ms (cache miss)
628 http fetch GET 200 https://cdn.npmmirror.com/packages/%40inquirer/ansi/1.0.2/ansi-1.0.2.tgz 545ms (cache miss)
629 http fetch GET 200 https://cdn.npmmirror.com/packages/%40inquirer/prompts/7.10.1/prompts-7.10.1.tgz 561ms (cache miss)
630 http fetch GET 200 https://cdn.npmmirror.com/packages/chalk/5.6.2/chalk-5.6.2.tgz 567ms (cache miss)
631 http fetch GET 200 https://cdn.npmmirror.com/packages/%40inquirer/confirm/5.1.21/confirm-5.1.21.tgz 576ms (cache miss)
632 http fetch GET 200 https://cdn.npmmirror.com/packages/fastq/1.20.1/fastq-1.20.1.tgz 581ms (cache miss)
633 http fetch GET 200 https://cdn.npmmirror.com/packages/string-width/4.2.3/string-width-4.2.3.tgz 586ms (cache miss)
634 http fetch GET 200 https://cdn.npmmirror.com/packages/signal-exit/4.1.0/signal-exit-4.1.0.tgz 607ms (cache miss)
635 http fetch GET 200 https://cdn.npmmirror.com/packages/%40inquirer/password/4.0.23/password-4.0.23.tgz 629ms (cache miss)
636 http fetch GET 200 https://cdn.npmmirror.com/packages/fast-glob/3.3.3/fast-glob-3.3.3.tgz 632ms (cache miss)
637 http fetch GET 200 https://cdn.npmmirror.com/packages/%40fission-ai/openspec/1.1.1/openspec-1.1.1.tgz 645ms (cache miss)
638 http fetch GET 200 https://cdn.npmmirror.com/packages/%40inquirer/core/10.3.2/core-10.3.2.tgz 663ms (cache miss)
639 http fetch GET 200 https://cdn.npmmirror.com/packages/emoji-regex/8.0.0/emoji-regex-8.0.0.tgz 666ms (cache miss)
640 http fetch GET 200 https://cdn.npmmirror.com/packages/posthog-node/5.24.11/posthog-node-5.24.11.tgz 747ms (cache miss)
641 http fetch GET 200 https://cdn.npmmirror.com/packages/iconv-lite/0.7.2/iconv-lite-0.7.2.tgz 754ms (cache miss)
642 http fetch GET 200 https://cdn.npmmirror.com/packages/%40posthog/core/1.20.1/core-1.20.1.tgz 762ms (cache miss)
643 http fetch GET 200 https://cdn.npmmirror.com/packages/commander/14.0.3/commander-14.0.3.tgz 755ms (cache miss)
644 http fetch GET 200 https://cdn.npmmirror.com/packages/yaml/2.8.2/yaml-2.8.2.tgz 790ms (cache miss)
645 http fetch GET 200 https://cdn.npmmirror.com/packages/zod/4.3.6/zod-4.3.6.tgz 1105ms (cache miss)
646 verbose stack Error: process terminated
646 verbose stack     at /opt/homebrew/lib/node_modules/npm/node_modules/@npmcli/arborist/lib/arborist/reify.js:293:39
646 verbose stack     at process.<anonymous> (/opt/homebrew/lib/node_modules/npm/node_modules/@npmcli/arborist/lib/signal-handling.js:53:5)
646 verbose stack     at process.emit (node:events:507:28)
647 error process terminated
648 error signal SIGINT
649 silly unfinished npm timer reify 1770603780533
650 verbose cwd /Users/zhongxuan/Desktop/aiops/bops/scripts
651 verbose os Darwin 23.5.0
652 verbose node v23.10.0
653 verbose npm  v10.9.2
654 notice
654 notice New [31mmajor[39m version of npm available! [31m10.9.2[39m -> [34m11.9.0[39m
654 notice Changelog: [34mhttps://github.com/npm/cli/releases/tag/v11.9.0[39m
654 notice To update run: [4mnpm install -g npm@11.9.0[24m
654 notice  { force: true, [Symbol(proc-log.meta)]: true }
655 verbose exit 1
656 verbose code 1
657 error A complete log of this run can be found in: /Users/zhongxuan/Desktop/aiops/bops/scripts/npm-cache/_logs/2026-02-09T02_23_00_193Z-debug-0.log
